ERROR info.magnolia.rest.RestExceptionMapper 24.06.2022 12:30:22 -- Exception thrown executing REST endpoint, returning 500
java.lang.NullPointerException: null
	at java.util.Hashtable.get(Hashtable.java:380) ~[?:?]
	at info.magnolia.repository.WorkspaceMapping.getWorkspaceMapping(WorkspaceMapping.java:124) ~[magnolia-core-6.2.20.jar:?]
	at info.magnolia.repository.DefaultRepositoryManager.getSession(DefaultRepositoryManager.java:308) ~[magnolia-core-6.2.20.jar:?]
	at info.magnolia.context.DefaultRepositoryStrategy.internalGetSession(DefaultRepositoryStrategy.java:61) ~[magnolia-core-6.2.20.jar:?]
	at info.magnolia.context.AbstractRepositoryStrategy.getSession(AbstractRepositoryStrategy.java:75) ~[magnolia-core-6.2.20.jar:?]
	at info.magnolia.context.AbstractContext.getJCRSession(AbstractContext.java:124) ~[magnolia-core-6.2.20.jar:?]
	at info.magnolia.context.MgnlContext.getJCRSession(MgnlContext.java:642) ~[magnolia-core-6.2.20.jar:?]
	at info.magnolia.cms.security.JCRSessionOp.exec(JCRSessionOp.java:64) ~[magnolia-core-6.2.20.jar:?]
	at info.magnolia.rest.delivery.jcr.v2.JcrDeliveryEndpoint.doSessionOperation(JcrDeliveryEndpoint.java:279) ~[magnolia-rest-content-delivery-2.2.14.jar:?]
	at info.magnolia.rest.delivery.jcr.v2.JcrDeliveryEndpoint.queryNodes(JcrDeliveryEndpoint.java:244) ~[magnolia-rest-content-delivery-2.2.14.jar:?]
	at jdk.internal.reflect.NativeMethodAccessorImpl.invoke0(Native Method) ~[?:?]
	at jdk.internal.reflect.NativeMethodAccessorImpl.invoke(NativeMethodAccessorImpl.java:62) ~[?:?]
	at jdk.internal.reflect.DelegatingMethodAccessorImpl.invoke(DelegatingMethodAccessorImpl.java:43) ~[?:?]
	at java.lang.reflect.Method.invoke(Method.java:566) ~[?:?]
	at org.jboss.resteasy.core.MethodInjectorImpl.invoke(MethodInjectorImpl.java:170) ~[resteasy-core-4.6.1.Final.jar:4.6.1.Final]
	at org.jboss.resteasy.core.MethodInjectorImpl.invoke(MethodInjectorImpl.java:130) ~[resteasy-core-4.6.1.Final.jar:4.6.1.Final]
	at org.jboss.resteasy.core.ResourceMethodInvoker.internalInvokeOnTarget(ResourceMethodInvoker.java:660) ~[resteasy-core-4.6.1.Final.jar:4.6.1.Final]
	at org.jboss.resteasy.core.ResourceMethodInvoker.invokeOnTargetAfterFilter(ResourceMethodInvoker.java:524) ~[resteasy-core-4.6.1.Final.jar:4.6.1.Final]
	at org.jboss.resteasy.core.ResourceMethodInvoker.lambda$invokeOnTarget$2(ResourceMethodInvoker.java:474) ~[resteasy-core-4.6.1.Final.jar:4.6.1.Final]
	at org.jboss.resteasy.core.interception.jaxrs.PreMatchContainerRequestContext.filter(PreMatchContainerRequestContext.java:364) ~[resteasy-core-4.6.1.Final.jar:4.6.1.Final]
	at org.jboss.resteasy.core.ResourceMethodInvoker.invokeOnTarget(ResourceMethodInvoker.java:476) ~[resteasy-core-4.6.1.Final.jar:4.6.1.Final]
	at org.jboss.resteasy.core.ResourceMethodInvoker.invoke(ResourceMethodInvoker.java:434) ~[resteasy-core-4.6.1.Final.jar:4.6.1.Final]
	at org.jboss.resteasy.core.ResourceMethodInvoker.invoke(ResourceMethodInvoker.java:408) ~[resteasy-core-4.6.1.Final.jar:4.6.1.Final]
	at org.jboss.resteasy.core.ResourceMethodInvoker.invoke(ResourceMethodInvoker.java:69) ~[resteasy-core-4.6.1.Final.jar:4.6.1.Final]
	at org.jboss.resteasy.core.SynchronousDispatcher.invoke(SynchronousDispatcher.java:492) ~[resteasy-core-4.6.1.Final.jar:4.6.1.Final]
	at org.jboss.resteasy.core.SynchronousDispatcher.lambda$invoke$4(SynchronousDispatcher.java:261) ~[resteasy-core-4.6.1.Final.jar:4.6.1.Final]
	at org.jboss.resteasy.core.SynchronousDispatcher.lambda$preprocess$0(SynchronousDispatcher.java:161) ~[resteasy-core-4.6.1.Final.jar:4.6.1.Final]
	at org.jboss.resteasy.core.interception.jaxrs.PreMatchContainerRequestContext.filter(PreMatchContainerRequestContext.java:364) ~[resteasy-core-4.6.1.Final.jar:4.6.1.Final]
	at org.jboss.resteasy.core.SynchronousDispatcher.preprocess(SynchronousDispatcher.java:164) ~[resteasy-core-4.6.1.Final.jar:4.6.1.Final]
	at org.jboss.resteasy.core.SynchronousDispatcher.invoke(SynchronousDispatcher.java:247) ~[resteasy-core-4.6.1.Final.jar:4.6.1.Final]
	at org.jboss.resteasy.plugins.server.servlet.ServletContainerDispatcher.service(ServletContainerDispatcher.java:249) ~[resteasy-core-4.6.1.Final.jar:4.6.1.Final]
	at org.jboss.resteasy.plugins.server.servlet.HttpServletDispatcher.service(HttpServletDispatcher.java:60) ~[resteasy-core-4.6.1.Final.jar:4.6.1.Final]
	at org.jboss.resteasy.plugins.server.servlet.HttpServletDispatcher.service(HttpServletDispatcher.java:55) ~[resteasy-core-4.6.1.Final.jar:4.6.1.Final]
	at javax.servlet.http.HttpServlet.service(HttpServlet.java:764) ~[servlet-api.jar:4.0.FR]
	at info.magnolia.cms.filters.ServletDispatchingFilter.doFilter(ServletDispatchingFilter.java:148) ~[magnolia-core-6.2.20.jar:?]
	at info.magnolia.cms.filters.AbstractMgnlFilter.doFilter(AbstractMgnlFilter.java:85) ~[magnolia-core-6.2.20.jar:?]
	at info.magnolia.cms.filters.MgnlFilterChain.doFilter(MgnlFilterChain.java:79) ~[magnolia-core-6.2.20.jar:?]
	at info.magnolia.cms.filters.MgnlFilterChain.doFilter(MgnlFilterChain.java:81) ~[magnolia-core-6.2.20.jar:?]
	at info.magnolia.cms.filters.CompositeFilter.doFilter(CompositeFilter.java:75) ~[magnolia-core-6.2.20.jar:?]
	at info.magnolia.cms.filters.AbstractMgnlFilter.doFilter(AbstractMgnlFilter.java:85) ~[magnolia-core-6.2.20.jar:?]
	at info.magnolia.cms.filters.MgnlFilterChain.doFilter(MgnlFilterChain.java:79) ~[magnolia-core-6.2.20.jar:?]
	at info.magnolia.module.cache.executor.Bypass.processCacheRequest(Bypass.java:58) ~[magnolia-cache-core-5.9.4.jar:?]
	at info.magnolia.module.cache.executor.CompositeExecutor.processCacheRequest(CompositeExecutor.java:66) ~[magnolia-cache-core-5.9.4.jar:?]
	at info.magnolia.module.cache.filter.CacheFilter.doFilter(CacheFilter.java:164) ~[magnolia-cache-core-5.9.4.jar:?]
	at info.magnolia.cms.filters.AbstractMgnlFilter.doFilter(AbstractMgnlFilter.java:85) ~[magnolia-core-6.2.20.jar:?]
	at info.magnolia.cms.filters.MgnlFilterChain.doFilter(MgnlFilterChain.java:79) ~[magnolia-core-6.2.20.jar:?]
	at info.magnolia.cms.i18n.I18nContentSupportFilter.doFilter(I18nContentSupportFilter.java:85) ~[magnolia-core-6.2.20.jar:?]
	at info.magnolia.cms.filters.AbstractMgnlFilter.doFilter(AbstractMgnlFilter.java:85) ~[magnolia-core-6.2.20.jar:?]
	at info.magnolia.cms.filters.MgnlFilterChain.doFilter(MgnlFilterChain.java:79) ~[magnolia-core-6.2.20.jar:?]
	at info.magnolia.virtualuri.VirtualUriFilter.doFilter(VirtualUriFilter.java:102) ~[magnolia-virtual-uri-6.2.20.jar:?]
	at info.magnolia.cms.filters.AbstractMgnlFilter.doFilter(AbstractMgnlFilter.java:85) ~[magnolia-core-6.2.20.jar:?]
	at info.magnolia.cms.filters.MgnlFilterChain.doFilter(MgnlFilterChain.java:79) ~[magnolia-core-6.2.20.jar:?]
	at info.magnolia.cms.filters.RangeSupportFilter.doFilter(RangeSupportFilter.java:78) ~[magnolia-core-6.2.20.jar:?]
	at info.magnolia.cms.filters.AbstractMgnlFilter.doFilter(AbstractMgnlFilter.java:85) ~[magnolia-core-6.2.20.jar:?]
	at info.magnolia.cms.filters.MgnlFilterChain.doFilter(MgnlFilterChain.java:79) ~[magnolia-core-6.2.20.jar:?]
	at info.magnolia.cms.security.BaseSecurityFilter.doFilter(BaseSecurityFilter.java:57) ~[magnolia-core-6.2.20.jar:?]
	at info.magnolia.cms.filters.AbstractMgnlFilter.doFilter(AbstractMgnlFilter.java:85) ~[magnolia-core-6.2.20.jar:?]
	at info.magnolia.cms.filters.MgnlFilterChain.doFilter(MgnlFilterChain.java:79) ~[magnolia-core-6.2.20.jar:?]
	at info.magnolia.cors.AbstractCorsFilter.doFilter(AbstractCorsFilter.java:77) ~[magnolia-core-6.2.20.jar:?]
	at info.magnolia.cms.filters.AbstractMgnlFilter.doFilter(AbstractMgnlFilter.java:85) ~[magnolia-core-6.2.20.jar:?]
	at info.magnolia.cms.filters.CompositeFilter.doFilter(CompositeFilter.java:79) ~[magnolia-core-6.2.20.jar:?]
	at info.magnolia.cms.filters.AbstractMgnlFilter.doFilter(AbstractMgnlFilter.java:85) ~[magnolia-core-6.2.20.jar:?]
	at info.magnolia.cms.filters.MgnlFilterChain.doFilter(MgnlFilterChain.java:79) ~[magnolia-core-6.2.20.jar:?]
	at info.magnolia.cms.filters.MgnlFilterChain.doFilter(MgnlFilterChain.java:81) ~[magnolia-core-6.2.20.jar:?]
	at info.magnolia.cms.security.SecurityCallbackFilter.doFilter(SecurityCallbackFilter.java:84) ~[magnolia-core-6.2.20.jar:?]
	at info.magnolia.cms.filters.OncePerRequestAbstractMgnlFilter.doFilter(OncePerRequestAbstractMgnlFilter.java:59) ~[magnolia-core-6.2.20.jar:?]
	at info.magnolia.cms.filters.MgnlFilterChain.doFilter(MgnlFilterChain.java:79) ~[magnolia-core-6.2.20.jar:?]
	at info.magnolia.cms.security.LogoutFilter.doFilter(LogoutFilter.java:94) ~[magnolia-core-6.2.20.jar:?]
	at info.magnolia.cms.filters.OncePerRequestAbstractMgnlFilter.doFilter(OncePerRequestAbstractMgnlFilter.java:59) ~[magnolia-core-6.2.20.jar:?]
	at info.magnolia.cms.filters.MgnlFilterChain.doFilter(MgnlFilterChain.java:79) ~[magnolia-core-6.2.20.jar:?]
	at info.magnolia.module.site.filters.SiteMergeFilter.doFilter(SiteMergeFilter.java:119) ~[magnolia-site-1.4.4.jar:?]
	at info.magnolia.cms.filters.AbstractMgnlFilter.doFilter(AbstractMgnlFilter.java:85) ~[magnolia-core-6.2.20.jar:?]
	at info.magnolia.cms.filters.MgnlFilterChain.doFilter(MgnlFilterChain.java:79) ~[magnolia-core-6.2.20.jar:?]
	at info.magnolia.cms.filters.MultiChannelFilter.doFilter(MultiChannelFilter.java:83) ~[magnolia-core-6.2.20.jar:?]
	at info.magnolia.cms.filters.AbstractMgnlFilter.doFilter(AbstractMgnlFilter.java:85) ~[magnolia-core-6.2.20.jar:?]
	at info.magnolia.cms.filters.MgnlFilterChain.doFilter(MgnlFilterChain.java:79) ~[magnolia-core-6.2.20.jar:?]
	at info.magnolia.module.cache.filter.GZipFilter.doFilter(GZipFilter.java:74) ~[magnolia-cache-core-5.9.4.jar:?]
	at info.magnolia.cms.filters.OncePerRequestAbstractMgnlFilter.doFilter(OncePerRequestAbstractMgnlFilter.java:59) ~[magnolia-core-6.2.20.jar:?]
	at info.magnolia.cms.filters.MgnlFilterChain.doFilter(MgnlFilterChain.java:79) ~[magnolia-core-6.2.20.jar:?]
	at info.magnolia.cms.filters.MgnlFilterChain.doFilter(MgnlFilterChain.java:81) ~[magnolia-core-6.2.20.jar:?]
	at info.magnolia.cms.security.auth.login.LoginFilter.doFilter(LoginFilter.java:128) ~[magnolia-core-6.2.20.jar:?]
	at info.magnolia.cms.filters.AbstractMgnlFilter.doFilter(AbstractMgnlFilter.java:85) ~[magnolia-core-6.2.20.jar:?]
	at info.magnolia.cms.filters.MgnlFilterChain.doFilter(MgnlFilterChain.java:79) ~[magnolia-core-6.2.20.jar:?]
	at info.magnolia.cms.filters.MgnlFilterChain.doFilter(MgnlFilterChain.java:81) ~[magnolia-core-6.2.20.jar:?]
	at info.magnolia.cms.filters.MgnlFilterChain.doFilter(MgnlFilterChain.java:81) ~[magnolia-core-6.2.20.jar:?]
	at info.magnolia.cms.filters.MgnlFilterChain.doFilter(MgnlFilterChain.java:81) ~[magnolia-core-6.2.20.jar:?]
	at info.magnolia.cms.filters.ContentTypeFilter.doFilter(ContentTypeFilter.java:155) ~[magnolia-core-6.2.20.jar:?]
	at info.magnolia.cms.filters.AbstractMgnlFilter.doFilter(AbstractMgnlFilter.java:85) ~[magnolia-core-6.2.20.jar:?]
	at info.magnolia.cms.filters.MgnlFilterChain.doFilter(MgnlFilterChain.java:79) ~[magnolia-core-6.2.20.jar:?]
	at info.magnolia.cms.filters.ContextFilter.doFilter(ContextFilter.java:128) ~[magnolia-core-6.2.20.jar:?]
	at info.magnolia.cms.filters.AbstractMgnlFilter.doFilter(AbstractMgnlFilter.java:85) ~[magnolia-core-6.2.20.jar:?]
	at info.magnolia.cms.filters.MgnlFilterChain.doFilter(MgnlFilterChain.java:79) ~[magnolia-core-6.2.20.jar:?]
	at info.magnolia.cms.filters.CompositeFilter.doFilter(CompositeFilter.java:75) ~[magnolia-core-6.2.20.jar:?]
	at info.magnolia.cms.filters.AbstractMgnlFilter.doFilter(AbstractMgnlFilter.java:85) ~[magnolia-core-6.2.20.jar:?]
	at info.magnolia.cms.filters.SafeDestroyMgnlFilterWrapper.doFilter(SafeDestroyMgnlFilterWrapper.java:107) ~[magnolia-core-6.2.20.jar:?]
	at info.magnolia.cms.filters.MgnlFilterDispatcher.doDispatch(MgnlFilterDispatcher.java:67) ~[magnolia-core-6.2.20.jar:?]
	at info.magnolia.cms.filters.MgnlMainFilter.doFilter(MgnlMainFilter.java:110) ~[magnolia-core-6.2.20.jar:?]
	at info.magnolia.cms.filters.MgnlMainFilter.doFilter(MgnlMainFilter.java:96) ~[magnolia-core-6.2.20.jar:?]
	at org.apache.catalina.core.ApplicationFilterChain.internalDoFilter(ApplicationFilterChain.java:189) ~[catalina.jar:9.0.64]
	at org.apache.catalina.core.ApplicationFilterChain.doFilter(ApplicationFilterChain.java:162) ~[catalina.jar:9.0.64]
	at org.apache.catalina.core.StandardWrapperValve.invoke(StandardWrapperValve.java:197) ~[catalina.jar:9.0.64]
	at org.apache.catalina.core.StandardContextValve.invoke(StandardContextValve.java:97) ~[catalina.jar:9.0.64]
	at org.apache.catalina.authenticator.AuthenticatorBase.invoke(AuthenticatorBase.java:541) ~[catalina.jar:9.0.64]
	at org.apache.catalina.core.StandardHostValve.invoke(StandardHostValve.java:135) ~[catalina.jar:9.0.64]
	at org.apache.catalina.valves.ErrorReportValve.invoke(ErrorReportValve.java:92) ~[catalina.jar:9.0.64]
	at org.apache.catalina.valves.AbstractAccessLogValve.invoke(AbstractAccessLogValve.java:687) ~[catalina.jar:9.0.64]
	at org.apache.catalina.core.StandardEngineValve.invoke(StandardEngineValve.java:78) ~[catalina.jar:9.0.64]
	at org.apache.catalina.connector.CoyoteAdapter.service(CoyoteAdapter.java:360) ~[catalina.jar:9.0.64]
	at org.apache.coyote.http11.Http11Processor.service(Http11Processor.java:399) ~[tomcat-coyote.jar:9.0.64]
	at org.apache.coyote.AbstractProcessorLight.process(AbstractProcessorLight.java:65) ~[tomcat-coyote.jar:9.0.64]
	at org.apache.coyote.AbstractProtocol$ConnectionHandler.process(AbstractProtocol.java:890) ~[tomcat-coyote.jar:9.0.64]
	at org.apache.tomcat.util.net.NioEndpoint$SocketProcessor.doRun(NioEndpoint.java:1787) ~[tomcat-coyote.jar:9.0.64]
	at org.apache.tomcat.util.net.SocketProcessorBase.run(SocketProcessorBase.java:49) ~[tomcat-coyote.jar:9.0.64]
	at org.apache.tomcat.util.threads.ThreadPoolExecutor.runWorker(ThreadPoolExecutor.java:1191) ~[tomcat-util.jar:9.0.64]
	at org.apache.tomcat.util.threads.ThreadPoolExecutor$Worker.run(ThreadPoolExecutor.java:659) ~[tomcat-util.jar:9.0.64]
	at org.apache.tomcat.util.threads.TaskThread$WrappingRunnable.run(TaskThread.java:61) ~[tomcat-util.jar:9.0.64]
	at java.lang.Thread.run(Thread.java:834) ~[?:?]
ERROR info.magnolia.rest.registry.EndpointDefinitionRegistry 24.06.2022 12:34:46 -- Error happens when checking endpoint duplications.
info.magnolia.config.registry.Registry$InvalidDefinitionException: delivery/pages
	at info.magnolia.config.registry.DefinitionProviderBuilder$DefinitionProviderImpl.get(DefinitionProviderBuilder.java:234) ~[magnolia-configuration-6.2.20.jar:?]
	at info.magnolia.config.registry.AbstractDefinitionProviderWrapper.get(AbstractDefinitionProviderWrapper.java:61) ~[magnolia-configuration-6.2.20.jar:?]
	at info.magnolia.rest.registry.EndpointDefinitionRegistry.onRegister(EndpointDefinitionRegistry.java:126) ~[magnolia-rest-integration-2.2.14.jar:?]
	at info.magnolia.rest.registry.EndpointDefinitionRegistry.register(EndpointDefinitionRegistry.java:113) ~[magnolia-rest-integration-2.2.14.jar:?]
	at info.magnolia.config.source.yaml.YamlConfigurationSource.loadAndRegister(YamlConfigurationSource.java:143) ~[magnolia-configuration-6.2.20.jar:?]
	at info.magnolia.config.source.yaml.AbstractFileResourceConfigurationSource.lambda$start$2(AbstractFileResourceConfigurationSource.java:162) ~[magnolia-configuration-6.2.20.jar:?]
	at info.magnolia.resourceloader.layered.LayeredResourceOrigin$RelayingChangeHandler.onResourceChanged(LayeredResourceOrigin.java:284) ~[magnolia-resource-loader-6.2.20.jar:?]
	at info.magnolia.resourceloader.AbstractResourceOrigin.dispatchResourceChange(AbstractResourceOrigin.java:132) ~[magnolia-resource-loader-6.2.20.jar:?]
	at info.magnolia.resourceloader.file.FileWatcherCallback.dispatchResourceChange(FileWatcherCallback.java:118) ~[magnolia-resource-loader-6.2.20.jar:?]
	at info.magnolia.resourceloader.file.FileWatcherCallback.modified(FileWatcherCallback.java:89) ~[magnolia-resource-loader-6.2.20.jar:?]
	at info.magnolia.dirwatch.DirectoryWatcher.processEvent(DirectoryWatcher.java:303) ~[magnolia-resource-loader-6.2.20.jar:?]
	at info.magnolia.dirwatch.DirectoryWatcher.run(DirectoryWatcher.java:247) ~[magnolia-resource-loader-6.2.20.jar:?]
	at java.util.concurrent.Executors$RunnableAdapter.call(Executors.java:515) ~[?:?]
	at java.util.concurrent.FutureTask.run(FutureTask.java:264) ~[?:?]
	at java.util.concurrent.ThreadPoolExecutor.runWorker(ThreadPoolExecutor.java:1128) ~[?:?]
	at java.util.concurrent.ThreadPoolExecutor$Worker.run(ThreadPoolExecutor.java:628) ~[?:?]
	at java.lang.Thread.run(Thread.java:834) ~[?:?]
ERROR info.magnolia.config.source.yaml.YamlConfigurationSource 24.06.2022 12:34:46 -- 1 severe problems have been encountered:
ERROR info.magnolia.config.source.yaml.YamlConfigurationSource 24.06.2022 12:34:46 -- 
Severity type:   SEVERE 
Title:           /: [Definition resolution] - Parsing configuration data from [/module01/restEndpoints/delivery/pages.yaml] failed 
Problem details: Failed to parse YAML file:
Scanner: mapping values are not allowed here
 in 'reader', line 7, column 19:
        childNodeTypes:
                      ^

info.magnolia.config.source.yaml.YamlReaderException: YAML parsing error in LayeredResource{path='/module01/restEndpoints/delivery/pages.yaml', layeredResources=[FileSystemResource{origin=filesystem,path=/module01/restEndpoints/delivery/pages.yaml,file}]} at line 6, column 18:
        childNodeTypes:
                      ^: mapping values are not allowed here
	at info.magnolia.config.source.yaml.YamlReader.doReadWithDependencies(YamlReader.java:110) ~[magnolia-configuration-6.2.20.jar:?]
	at info.magnolia.config.source.yaml.YamlReader.readWithDependencies(YamlReader.java:100) ~[magnolia-configuration-6.2.20.jar:?]
	at info.magnolia.config.source.yaml.YamlReader.readWithDependencies(YamlReader.java:96) ~[magnolia-configuration-6.2.20.jar:?]
	at info.magnolia.config.source.yaml.YamlDefinitionProvider.resolve(YamlDefinitionProvider.java:194) ~[magnolia-configuration-6.2.20.jar:?]
	at info.magnolia.config.source.yaml.YamlDefinitionProvider.getDelegate(YamlDefinitionProvider.java:155) ~[magnolia-configuration-6.2.20.jar:?]
	at info.magnolia.config.registry.AbstractDefinitionProviderWrapper.get(AbstractDefinitionProviderWrapper.java:61) ~[magnolia-configuration-6.2.20.jar:?]
	at info.magnolia.rest.registry.EndpointDefinitionRegistry.onRegister(EndpointDefinitionRegistry.java:126) ~[magnolia-rest-integration-2.2.14.jar:?]
	at info.magnolia.rest.registry.EndpointDefinitionRegistry.register(EndpointDefinitionRegistry.java:113) ~[magnolia-rest-integration-2.2.14.jar:?]
	at info.magnolia.config.source.yaml.YamlConfigurationSource.loadAndRegister(YamlConfigurationSource.java:143) ~[magnolia-configuration-6.2.20.jar:?]
	at info.magnolia.config.source.yaml.AbstractFileResourceConfigurationSource.lambda$start$2(AbstractFileResourceConfigurationSource.java:162) ~[magnolia-configuration-6.2.20.jar:?]
	at info.magnolia.resourceloader.layered.LayeredResourceOrigin$RelayingChangeHandler.onResourceChanged(LayeredResourceOrigin.java:284) ~[magnolia-resource-loader-6.2.20.jar:?]
	at info.magnolia.resourceloader.AbstractResourceOrigin.dispatchResourceChange(AbstractResourceOrigin.java:132) ~[magnolia-resource-loader-6.2.20.jar:?]
	at info.magnolia.resourceloader.file.FileWatcherCallback.dispatchResourceChange(FileWatcherCallback.java:118) ~[magnolia-resource-loader-6.2.20.jar:?]
	at info.magnolia.resourceloader.file.FileWatcherCallback.modified(FileWatcherCallback.java:89) ~[magnolia-resource-loader-6.2.20.jar:?]
	at info.magnolia.dirwatch.DirectoryWatcher.processEvent(DirectoryWatcher.java:303) ~[magnolia-resource-loader-6.2.20.jar:?]
	at info.magnolia.dirwatch.DirectoryWatcher.run(DirectoryWatcher.java:247) ~[magnolia-resource-loader-6.2.20.jar:?]
	at java.util.concurrent.Executors$RunnableAdapter.call(Executors.java:515) ~[?:?]
	at java.util.concurrent.FutureTask.run(FutureTask.java:264) ~[?:?]
	at java.util.concurrent.ThreadPoolExecutor.runWorker(ThreadPoolExecutor.java:1128) ~[?:?]
	at java.util.concurrent.ThreadPoolExecutor$Worker.run(ThreadPoolExecutor.java:628) ~[?:?]
	at java.lang.Thread.run(Thread.java:834) ~[?:?]
Caused by: org.yaml.snakeyaml.scanner.ScannerException: mapping values are not allowed here
 in 'reader', line 7, column 19:
        childNodeTypes:
                      ^

	at org.yaml.snakeyaml.scanner.ScannerImpl.fetchValue(ScannerImpl.java:870) ~[snakeyaml-1.26.jar:?]
	at org.yaml.snakeyaml.scanner.ScannerImpl.fetchMoreTokens(ScannerImpl.java:358) ~[snakeyaml-1.26.jar:?]
	at org.yaml.snakeyaml.scanner.ScannerImpl.checkToken(ScannerImpl.java:227) ~[snakeyaml-1.26.jar:?]
	at org.yaml.snakeyaml.parser.ParserImpl$ParseBlockSequenceEntry.produce(ParserImpl.java:502) ~[snakeyaml-1.26.jar:?]
	at org.yaml.snakeyaml.parser.ParserImpl.peekEvent(ParserImpl.java:158) ~[snakeyaml-1.26.jar:?]
	at org.yaml.snakeyaml.parser.ParserImpl.checkEvent(ParserImpl.java:148) ~[snakeyaml-1.26.jar:?]
	at org.yaml.snakeyaml.composer.Composer.composeSequenceNode(Composer.java:208) ~[snakeyaml-1.26.jar:?]
	at org.yaml.snakeyaml.composer.Composer.composeNode(Composer.java:160) ~[snakeyaml-1.26.jar:?]
	at org.yaml.snakeyaml.composer.Composer.composeValueNode(Composer.java:257) ~[snakeyaml-1.26.jar:?]
	at org.yaml.snakeyaml.composer.Composer.composeMappingChildren(Composer.java:248) ~[snakeyaml-1.26.jar:?]
	at org.yaml.snakeyaml.composer.Composer.composeMappingNode(Composer.java:236) ~[snakeyaml-1.26.jar:?]
	at org.yaml.snakeyaml.composer.Composer.composeNode(Composer.java:162) ~[snakeyaml-1.26.jar:?]
	at org.yaml.snakeyaml.composer.Composer.getNode(Composer.java:95) ~[snakeyaml-1.26.jar:?]
	at org.yaml.snakeyaml.composer.Composer.getSingleNode(Composer.java:119) ~[snakeyaml-1.26.jar:?]
	at org.yaml.snakeyaml.constructor.BaseConstructor.getSingleData(BaseConstructor.java:150) ~[snakeyaml-1.26.jar:?]
	at org.yaml.snakeyaml.Yaml.loadFromReader(Yaml.java:472) ~[snakeyaml-1.26.jar:?]
	at org.yaml.snakeyaml.Yaml.load(Yaml.java:424) ~[snakeyaml-1.26.jar:?]
	at info.magnolia.config.source.yaml.YamlReader.doReadWithDependencies(YamlReader.java:108) ~[magnolia-configuration-6.2.20.jar:?]
	... 20 more
ERROR info.magnolia.rest.registry.EndpointDefinitionRegistry 24.06.2022 12:34:46 -- Error happens when checking endpoint duplications.
info.magnolia.config.registry.Registry$InvalidDefinitionException: delivery/pages
	at info.magnolia.config.registry.DefinitionProviderBuilder$DefinitionProviderImpl.get(DefinitionProviderBuilder.java:234) ~[magnolia-configuration-6.2.20.jar:?]
	at info.magnolia.config.registry.AbstractDefinitionProviderWrapper.get(AbstractDefinitionProviderWrapper.java:61) ~[magnolia-configuration-6.2.20.jar:?]
	at info.magnolia.rest.registry.EndpointDefinitionRegistry.onRegister(EndpointDefinitionRegistry.java:126) ~[magnolia-rest-integration-2.2.14.jar:?]
	at info.magnolia.rest.registry.EndpointDefinitionRegistry.register(EndpointDefinitionRegistry.java:113) ~[magnolia-rest-integration-2.2.14.jar:?]
	at info.magnolia.config.source.yaml.YamlConfigurationSource.loadAndRegister(YamlConfigurationSource.java:143) ~[magnolia-configuration-6.2.20.jar:?]
	at info.magnolia.config.source.yaml.AbstractFileResourceConfigurationSource.lambda$start$2(AbstractFileResourceConfigurationSource.java:162) ~[magnolia-configuration-6.2.20.jar:?]
	at info.magnolia.resourceloader.layered.LayeredResourceOrigin$RelayingChangeHandler.onResourceChanged(LayeredResourceOrigin.java:284) ~[magnolia-resource-loader-6.2.20.jar:?]
	at info.magnolia.resourceloader.AbstractResourceOrigin.dispatchResourceChange(AbstractResourceOrigin.java:132) ~[magnolia-resource-loader-6.2.20.jar:?]
	at info.magnolia.resourceloader.file.FileWatcherCallback.dispatchResourceChange(FileWatcherCallback.java:118) ~[magnolia-resource-loader-6.2.20.jar:?]
	at info.magnolia.resourceloader.file.FileWatcherCallback.modified(FileWatcherCallback.java:89) ~[magnolia-resource-loader-6.2.20.jar:?]
	at info.magnolia.dirwatch.DirectoryWatcher.processEvent(DirectoryWatcher.java:303) ~[magnolia-resource-loader-6.2.20.jar:?]
	at info.magnolia.dirwatch.DirectoryWatcher.run(DirectoryWatcher.java:247) ~[magnolia-resource-loader-6.2.20.jar:?]
	at java.util.concurrent.Executors$RunnableAdapter.call(Executors.java:515) ~[?:?]
	at java.util.concurrent.FutureTask.run(FutureTask.java:264) ~[?:?]
	at java.util.concurrent.ThreadPoolExecutor.runWorker(ThreadPoolExecutor.java:1128) ~[?:?]
	at java.util.concurrent.ThreadPoolExecutor$Worker.run(ThreadPoolExecutor.java:628) ~[?:?]
	at java.lang.Thread.run(Thread.java:834) ~[?:?]
ERROR info.magnolia.config.source.yaml.YamlConfigurationSource 24.06.2022 12:34:46 -- 1 severe problems have been encountered:
ERROR info.magnolia.config.source.yaml.YamlConfigurationSource 24.06.2022 12:34:46 -- 
Severity type:   SEVERE 
Title:           /: [Definition resolution] - Parsing configuration data from [/module01/restEndpoints/delivery/pages.yaml] failed 
Problem details: Failed to parse YAML file:
Scanner: mapping values are not allowed here
 in 'reader', line 7, column 19:
        childNodeTypes:
                      ^

info.magnolia.config.source.yaml.YamlReaderException: YAML parsing error in LayeredResource{path='/module01/restEndpoints/delivery/pages.yaml', layeredResources=[FileSystemResource{origin=filesystem,path=/module01/restEndpoints/delivery/pages.yaml,file}]} at line 6, column 18:
        childNodeTypes:
                      ^: mapping values are not allowed here
	at info.magnolia.config.source.yaml.YamlReader.doReadWithDependencies(YamlReader.java:110) ~[magnolia-configuration-6.2.20.jar:?]
	at info.magnolia.config.source.yaml.YamlReader.readWithDependencies(YamlReader.java:100) ~[magnolia-configuration-6.2.20.jar:?]
	at info.magnolia.config.source.yaml.YamlReader.readWithDependencies(YamlReader.java:96) ~[magnolia-configuration-6.2.20.jar:?]
	at info.magnolia.config.source.yaml.YamlDefinitionProvider.resolve(YamlDefinitionProvider.java:194) ~[magnolia-configuration-6.2.20.jar:?]
	at info.magnolia.config.source.yaml.YamlDefinitionProvider.getDelegate(YamlDefinitionProvider.java:155) ~[magnolia-configuration-6.2.20.jar:?]
	at info.magnolia.config.registry.AbstractDefinitionProviderWrapper.get(AbstractDefinitionProviderWrapper.java:61) ~[magnolia-configuration-6.2.20.jar:?]
	at info.magnolia.rest.registry.EndpointDefinitionRegistry.onRegister(EndpointDefinitionRegistry.java:126) ~[magnolia-rest-integration-2.2.14.jar:?]
	at info.magnolia.rest.registry.EndpointDefinitionRegistry.register(EndpointDefinitionRegistry.java:113) ~[magnolia-rest-integration-2.2.14.jar:?]
	at info.magnolia.config.source.yaml.YamlConfigurationSource.loadAndRegister(YamlConfigurationSource.java:143) ~[magnolia-configuration-6.2.20.jar:?]
	at info.magnolia.config.source.yaml.AbstractFileResourceConfigurationSource.lambda$start$2(AbstractFileResourceConfigurationSource.java:162) ~[magnolia-configuration-6.2.20.jar:?]
	at info.magnolia.resourceloader.layered.LayeredResourceOrigin$RelayingChangeHandler.onResourceChanged(LayeredResourceOrigin.java:284) ~[magnolia-resource-loader-6.2.20.jar:?]
	at info.magnolia.resourceloader.AbstractResourceOrigin.dispatchResourceChange(AbstractResourceOrigin.java:132) ~[magnolia-resource-loader-6.2.20.jar:?]
	at info.magnolia.resourceloader.file.FileWatcherCallback.dispatchResourceChange(FileWatcherCallback.java:118) ~[magnolia-resource-loader-6.2.20.jar:?]
	at info.magnolia.resourceloader.file.FileWatcherCallback.modified(FileWatcherCallback.java:89) ~[magnolia-resource-loader-6.2.20.jar:?]
	at info.magnolia.dirwatch.DirectoryWatcher.processEvent(DirectoryWatcher.java:303) ~[magnolia-resource-loader-6.2.20.jar:?]
	at info.magnolia.dirwatch.DirectoryWatcher.run(DirectoryWatcher.java:247) ~[magnolia-resource-loader-6.2.20.jar:?]
	at java.util.concurrent.Executors$RunnableAdapter.call(Executors.java:515) ~[?:?]
	at java.util.concurrent.FutureTask.run(FutureTask.java:264) ~[?:?]
	at java.util.concurrent.ThreadPoolExecutor.runWorker(ThreadPoolExecutor.java:1128) ~[?:?]
	at java.util.concurrent.ThreadPoolExecutor$Worker.run(ThreadPoolExecutor.java:628) ~[?:?]
	at java.lang.Thread.run(Thread.java:834) ~[?:?]
Caused by: org.yaml.snakeyaml.scanner.ScannerException: mapping values are not allowed here
 in 'reader', line 7, column 19:
        childNodeTypes:
                      ^

	at org.yaml.snakeyaml.scanner.ScannerImpl.fetchValue(ScannerImpl.java:870) ~[snakeyaml-1.26.jar:?]
	at org.yaml.snakeyaml.scanner.ScannerImpl.fetchMoreTokens(ScannerImpl.java:358) ~[snakeyaml-1.26.jar:?]
	at org.yaml.snakeyaml.scanner.ScannerImpl.checkToken(ScannerImpl.java:227) ~[snakeyaml-1.26.jar:?]
	at org.yaml.snakeyaml.parser.ParserImpl$ParseBlockSequenceEntry.produce(ParserImpl.java:502) ~[snakeyaml-1.26.jar:?]
	at org.yaml.snakeyaml.parser.ParserImpl.peekEvent(ParserImpl.java:158) ~[snakeyaml-1.26.jar:?]
	at org.yaml.snakeyaml.parser.ParserImpl.checkEvent(ParserImpl.java:148) ~[snakeyaml-1.26.jar:?]
	at org.yaml.snakeyaml.composer.Composer.composeSequenceNode(Composer.java:208) ~[snakeyaml-1.26.jar:?]
	at org.yaml.snakeyaml.composer.Composer.composeNode(Composer.java:160) ~[snakeyaml-1.26.jar:?]
	at org.yaml.snakeyaml.composer.Composer.composeValueNode(Composer.java:257) ~[snakeyaml-1.26.jar:?]
	at org.yaml.snakeyaml.composer.Composer.composeMappingChildren(Composer.java:248) ~[snakeyaml-1.26.jar:?]
	at org.yaml.snakeyaml.composer.Composer.composeMappingNode(Composer.java:236) ~[snakeyaml-1.26.jar:?]
	at org.yaml.snakeyaml.composer.Composer.composeNode(Composer.java:162) ~[snakeyaml-1.26.jar:?]
	at org.yaml.snakeyaml.composer.Composer.getNode(Composer.java:95) ~[snakeyaml-1.26.jar:?]
	at org.yaml.snakeyaml.composer.Composer.getSingleNode(Composer.java:119) ~[snakeyaml-1.26.jar:?]
	at org.yaml.snakeyaml.constructor.BaseConstructor.getSingleData(BaseConstructor.java:150) ~[snakeyaml-1.26.jar:?]
	at org.yaml.snakeyaml.Yaml.loadFromReader(Yaml.java:472) ~[snakeyaml-1.26.jar:?]
	at org.yaml.snakeyaml.Yaml.load(Yaml.java:424) ~[snakeyaml-1.26.jar:?]
	at info.magnolia.config.source.yaml.YamlReader.doReadWithDependencies(YamlReader.java:108) ~[magnolia-configuration-6.2.20.jar:?]
	... 20 more
ERROR info.magnolia.rest.RepositoryExceptionMapper 24.06.2022 20:35:31 -- Exception thrown executing REST endpoint, returning 404
javax.jcr.PathNotFoundException: /travel/members/main
	at org.apache.jackrabbit.core.session.SessionItemOperation.perform(SessionItemOperation.java:192) ~[jackrabbit-core-2.20.4.jar:2.20.4]
	at org.apache.jackrabbit.core.session.SessionState.perform(SessionState.java:216) ~[jackrabbit-core-2.20.4.jar:2.20.4]
	at org.apache.jackrabbit.core.SessionImpl.perform(SessionImpl.java:363) ~[jackrabbit-core-2.20.4.jar:2.20.4]
	at org.apache.jackrabbit.core.SessionImpl.getNode(SessionImpl.java:1151) ~[jackrabbit-core-2.20.4.jar:2.20.4]
	at info.magnolia.jcr.wrapper.DelegateSessionWrapper.getNode(DelegateSessionWrapper.java:177) ~[magnolia-core-6.2.20.jar:?]
	at info.magnolia.jcr.wrapper.DelegateSessionWrapper.getNode(DelegateSessionWrapper.java:177) ~[magnolia-core-6.2.20.jar:?]
	at info.magnolia.jcr.decoration.ContentDecoratorSessionWrapper.getNode(ContentDecoratorSessionWrapper.java:120) ~[magnolia-core-6.2.20.jar:?]
	at info.magnolia.jcr.wrapper.DelegateSessionWrapper.getNode(DelegateSessionWrapper.java:177) ~[magnolia-core-6.2.20.jar:?]
	at info.magnolia.jcr.decoration.ContentDecoratorSessionWrapper.getNode(ContentDecoratorSessionWrapper.java:120) ~[magnolia-core-6.2.20.jar:?]
	at info.magnolia.jcr.wrapper.DelegateSessionWrapper.getNode(DelegateSessionWrapper.java:177) ~[magnolia-core-6.2.20.jar:?]
	at info.magnolia.jcr.decoration.ContentDecoratorSessionWrapper.getNode(ContentDecoratorSessionWrapper.java:120) ~[magnolia-core-6.2.20.jar:?]
	at info.magnolia.jcr.wrapper.DelegateSessionWrapper.getNode(DelegateSessionWrapper.java:177) ~[magnolia-core-6.2.20.jar:?]
	at info.magnolia.jcr.decoration.ContentDecoratorSessionWrapper.getNode(ContentDecoratorSessionWrapper.java:120) ~[magnolia-core-6.2.20.jar:?]
	at info.magnolia.jcr.wrapper.DelegateSessionWrapper.getNode(DelegateSessionWrapper.java:177) ~[magnolia-core-6.2.20.jar:?]
	at info.magnolia.jcr.decoration.ContentDecoratorSessionWrapper.getNode(ContentDecoratorSessionWrapper.java:120) ~[magnolia-core-6.2.20.jar:?]
	at info.magnolia.rest.delivery.jcr.v2.JcrDeliveryEndpoint$1.exec(JcrDeliveryEndpoint.java:180) ~[magnolia-rest-content-delivery-2.2.14.jar:?]
	at info.magnolia.rest.delivery.jcr.v2.JcrDeliveryEndpoint$1.exec(JcrDeliveryEndpoint.java:176) ~[magnolia-rest-content-delivery-2.2.14.jar:?]
	at info.magnolia.cms.security.JCRSessionOp.exec(JCRSessionOp.java:68) ~[magnolia-core-6.2.20.jar:?]
	at info.magnolia.rest.delivery.jcr.v2.JcrDeliveryEndpoint.doSessionOperation(JcrDeliveryEndpoint.java:279) ~[magnolia-rest-content-delivery-2.2.14.jar:?]
	at info.magnolia.rest.delivery.jcr.v2.JcrDeliveryEndpoint.readNode(JcrDeliveryEndpoint.java:176) ~[magnolia-rest-content-delivery-2.2.14.jar:?]
	at jdk.internal.reflect.NativeMethodAccessorImpl.invoke0(Native Method) ~[?:?]
	at jdk.internal.reflect.NativeMethodAccessorImpl.invoke(NativeMethodAccessorImpl.java:62) ~[?:?]
	at jdk.internal.reflect.DelegatingMethodAccessorImpl.invoke(DelegatingMethodAccessorImpl.java:43) ~[?:?]
	at java.lang.reflect.Method.invoke(Method.java:566) ~[?:?]
	at org.jboss.resteasy.core.MethodInjectorImpl.invoke(MethodInjectorImpl.java:170) ~[resteasy-core-4.6.1.Final.jar:4.6.1.Final]
	at org.jboss.resteasy.core.MethodInjectorImpl.invoke(MethodInjectorImpl.java:130) ~[resteasy-core-4.6.1.Final.jar:4.6.1.Final]
	at org.jboss.resteasy.core.ResourceMethodInvoker.internalInvokeOnTarget(ResourceMethodInvoker.java:660) ~[resteasy-core-4.6.1.Final.jar:4.6.1.Final]
	at org.jboss.resteasy.core.ResourceMethodInvoker.invokeOnTargetAfterFilter(ResourceMethodInvoker.java:524) ~[resteasy-core-4.6.1.Final.jar:4.6.1.Final]
	at org.jboss.resteasy.core.ResourceMethodInvoker.lambda$invokeOnTarget$2(ResourceMethodInvoker.java:474) ~[resteasy-core-4.6.1.Final.jar:4.6.1.Final]
	at org.jboss.resteasy.core.interception.jaxrs.PreMatchContainerRequestContext.filter(PreMatchContainerRequestContext.java:364) ~[resteasy-core-4.6.1.Final.jar:4.6.1.Final]
	at org.jboss.resteasy.core.ResourceMethodInvoker.invokeOnTarget(ResourceMethodInvoker.java:476) ~[resteasy-core-4.6.1.Final.jar:4.6.1.Final]
	at org.jboss.resteasy.core.ResourceMethodInvoker.invoke(ResourceMethodInvoker.java:434) ~[resteasy-core-4.6.1.Final.jar:4.6.1.Final]
	at org.jboss.resteasy.core.ResourceMethodInvoker.invoke(ResourceMethodInvoker.java:408) ~[resteasy-core-4.6.1.Final.jar:4.6.1.Final]
	at org.jboss.resteasy.core.ResourceMethodInvoker.invoke(ResourceMethodInvoker.java:69) ~[resteasy-core-4.6.1.Final.jar:4.6.1.Final]
	at org.jboss.resteasy.core.SynchronousDispatcher.invoke(SynchronousDispatcher.java:492) ~[resteasy-core-4.6.1.Final.jar:4.6.1.Final]
	at org.jboss.resteasy.core.SynchronousDispatcher.lambda$invoke$4(SynchronousDispatcher.java:261) ~[resteasy-core-4.6.1.Final.jar:4.6.1.Final]
	at org.jboss.resteasy.core.SynchronousDispatcher.lambda$preprocess$0(SynchronousDispatcher.java:161) ~[resteasy-core-4.6.1.Final.jar:4.6.1.Final]
	at org.jboss.resteasy.core.interception.jaxrs.PreMatchContainerRequestContext.filter(PreMatchContainerRequestContext.java:364) ~[resteasy-core-4.6.1.Final.jar:4.6.1.Final]
	at org.jboss.resteasy.core.SynchronousDispatcher.preprocess(SynchronousDispatcher.java:164) ~[resteasy-core-4.6.1.Final.jar:4.6.1.Final]
	at org.jboss.resteasy.core.SynchronousDispatcher.invoke(SynchronousDispatcher.java:247) ~[resteasy-core-4.6.1.Final.jar:4.6.1.Final]
	at org.jboss.resteasy.plugins.server.servlet.ServletContainerDispatcher.service(ServletContainerDispatcher.java:249) ~[resteasy-core-4.6.1.Final.jar:4.6.1.Final]
	at org.jboss.resteasy.plugins.server.servlet.HttpServletDispatcher.service(HttpServletDispatcher.java:60) ~[resteasy-core-4.6.1.Final.jar:4.6.1.Final]
	at org.jboss.resteasy.plugins.server.servlet.HttpServletDispatcher.service(HttpServletDispatcher.java:55) ~[resteasy-core-4.6.1.Final.jar:4.6.1.Final]
	at javax.servlet.http.HttpServlet.service(HttpServlet.java:764) ~[servlet-api.jar:4.0.FR]
	at info.magnolia.cms.filters.ServletDispatchingFilter.doFilter(ServletDispatchingFilter.java:148) ~[magnolia-core-6.2.20.jar:?]
	at info.magnolia.cms.filters.AbstractMgnlFilter.doFilter(AbstractMgnlFilter.java:85) ~[magnolia-core-6.2.20.jar:?]
	at info.magnolia.cms.filters.MgnlFilterChain.doFilter(MgnlFilterChain.java:79) ~[magnolia-core-6.2.20.jar:?]
	at info.magnolia.cms.filters.MgnlFilterChain.doFilter(MgnlFilterChain.java:81) ~[magnolia-core-6.2.20.jar:?]
	at info.magnolia.cms.filters.CompositeFilter.doFilter(CompositeFilter.java:75) ~[magnolia-core-6.2.20.jar:?]
	at info.magnolia.cms.filters.AbstractMgnlFilter.doFilter(AbstractMgnlFilter.java:85) ~[magnolia-core-6.2.20.jar:?]
	at info.magnolia.cms.filters.MgnlFilterChain.doFilter(MgnlFilterChain.java:79) ~[magnolia-core-6.2.20.jar:?]
	at info.magnolia.module.cache.executor.Bypass.processCacheRequest(Bypass.java:58) ~[magnolia-cache-core-5.9.4.jar:?]
	at info.magnolia.module.cache.executor.CompositeExecutor.processCacheRequest(CompositeExecutor.java:66) ~[magnolia-cache-core-5.9.4.jar:?]
	at info.magnolia.module.cache.filter.CacheFilter.doFilter(CacheFilter.java:164) ~[magnolia-cache-core-5.9.4.jar:?]
	at info.magnolia.cms.filters.AbstractMgnlFilter.doFilter(AbstractMgnlFilter.java:85) ~[magnolia-core-6.2.20.jar:?]
	at info.magnolia.cms.filters.MgnlFilterChain.doFilter(MgnlFilterChain.java:79) ~[magnolia-core-6.2.20.jar:?]
	at info.magnolia.cms.i18n.I18nContentSupportFilter.doFilter(I18nContentSupportFilter.java:85) ~[magnolia-core-6.2.20.jar:?]
	at info.magnolia.cms.filters.AbstractMgnlFilter.doFilter(AbstractMgnlFilter.java:85) ~[magnolia-core-6.2.20.jar:?]
	at info.magnolia.cms.filters.MgnlFilterChain.doFilter(MgnlFilterChain.java:79) ~[magnolia-core-6.2.20.jar:?]
	at info.magnolia.virtualuri.VirtualUriFilter.doFilter(VirtualUriFilter.java:102) ~[magnolia-virtual-uri-6.2.20.jar:?]
	at info.magnolia.cms.filters.AbstractMgnlFilter.doFilter(AbstractMgnlFilter.java:85) ~[magnolia-core-6.2.20.jar:?]
	at info.magnolia.cms.filters.MgnlFilterChain.doFilter(MgnlFilterChain.java:79) ~[magnolia-core-6.2.20.jar:?]
	at info.magnolia.cms.filters.RangeSupportFilter.doFilter(RangeSupportFilter.java:78) ~[magnolia-core-6.2.20.jar:?]
	at info.magnolia.cms.filters.AbstractMgnlFilter.doFilter(AbstractMgnlFilter.java:85) ~[magnolia-core-6.2.20.jar:?]
	at info.magnolia.cms.filters.MgnlFilterChain.doFilter(MgnlFilterChain.java:79) ~[magnolia-core-6.2.20.jar:?]
	at info.magnolia.cms.security.BaseSecurityFilter.doFilter(BaseSecurityFilter.java:57) ~[magnolia-core-6.2.20.jar:?]
	at info.magnolia.cms.filters.AbstractMgnlFilter.doFilter(AbstractMgnlFilter.java:85) ~[magnolia-core-6.2.20.jar:?]
	at info.magnolia.cms.filters.MgnlFilterChain.doFilter(MgnlFilterChain.java:79) ~[magnolia-core-6.2.20.jar:?]
	at info.magnolia.cors.AbstractCorsFilter.doFilter(AbstractCorsFilter.java:77) ~[magnolia-core-6.2.20.jar:?]
	at info.magnolia.cms.filters.AbstractMgnlFilter.doFilter(AbstractMgnlFilter.java:85) ~[magnolia-core-6.2.20.jar:?]
	at info.magnolia.cms.filters.CompositeFilter.doFilter(CompositeFilter.java:79) ~[magnolia-core-6.2.20.jar:?]
	at info.magnolia.cms.filters.AbstractMgnlFilter.doFilter(AbstractMgnlFilter.java:85) ~[magnolia-core-6.2.20.jar:?]
	at info.magnolia.cms.filters.MgnlFilterChain.doFilter(MgnlFilterChain.java:79) ~[magnolia-core-6.2.20.jar:?]
	at info.magnolia.cms.filters.MgnlFilterChain.doFilter(MgnlFilterChain.java:81) ~[magnolia-core-6.2.20.jar:?]
	at info.magnolia.cms.security.SecurityCallbackFilter.doFilter(SecurityCallbackFilter.java:84) ~[magnolia-core-6.2.20.jar:?]
	at info.magnolia.cms.filters.OncePerRequestAbstractMgnlFilter.doFilter(OncePerRequestAbstractMgnlFilter.java:59) ~[magnolia-core-6.2.20.jar:?]
	at info.magnolia.cms.filters.MgnlFilterChain.doFilter(MgnlFilterChain.java:79) ~[magnolia-core-6.2.20.jar:?]
	at info.magnolia.cms.security.LogoutFilter.doFilter(LogoutFilter.java:94) ~[magnolia-core-6.2.20.jar:?]
	at info.magnolia.cms.filters.OncePerRequestAbstractMgnlFilter.doFilter(OncePerRequestAbstractMgnlFilter.java:59) ~[magnolia-core-6.2.20.jar:?]
	at info.magnolia.cms.filters.MgnlFilterChain.doFilter(MgnlFilterChain.java:79) ~[magnolia-core-6.2.20.jar:?]
	at info.magnolia.module.site.filters.SiteMergeFilter.doFilter(SiteMergeFilter.java:119) ~[magnolia-site-1.4.4.jar:?]
	at info.magnolia.cms.filters.AbstractMgnlFilter.doFilter(AbstractMgnlFilter.java:85) ~[magnolia-core-6.2.20.jar:?]
	at info.magnolia.cms.filters.MgnlFilterChain.doFilter(MgnlFilterChain.java:79) ~[magnolia-core-6.2.20.jar:?]
	at info.magnolia.cms.filters.MultiChannelFilter.doFilter(MultiChannelFilter.java:83) ~[magnolia-core-6.2.20.jar:?]
	at info.magnolia.cms.filters.AbstractMgnlFilter.doFilter(AbstractMgnlFilter.java:85) ~[magnolia-core-6.2.20.jar:?]
	at info.magnolia.cms.filters.MgnlFilterChain.doFilter(MgnlFilterChain.java:79) ~[magnolia-core-6.2.20.jar:?]
	at info.magnolia.module.cache.filter.GZipFilter.doFilter(GZipFilter.java:74) ~[magnolia-cache-core-5.9.4.jar:?]
	at info.magnolia.cms.filters.OncePerRequestAbstractMgnlFilter.doFilter(OncePerRequestAbstractMgnlFilter.java:59) ~[magnolia-core-6.2.20.jar:?]
	at info.magnolia.cms.filters.MgnlFilterChain.doFilter(MgnlFilterChain.java:79) ~[magnolia-core-6.2.20.jar:?]
	at info.magnolia.cms.filters.MgnlFilterChain.doFilter(MgnlFilterChain.java:81) ~[magnolia-core-6.2.20.jar:?]
	at info.magnolia.cms.security.auth.login.LoginFilter.doFilter(LoginFilter.java:128) ~[magnolia-core-6.2.20.jar:?]
	at info.magnolia.cms.filters.AbstractMgnlFilter.doFilter(AbstractMgnlFilter.java:85) ~[magnolia-core-6.2.20.jar:?]
	at info.magnolia.cms.filters.MgnlFilterChain.doFilter(MgnlFilterChain.java:79) ~[magnolia-core-6.2.20.jar:?]
	at info.magnolia.cms.filters.MgnlFilterChain.doFilter(MgnlFilterChain.java:81) ~[magnolia-core-6.2.20.jar:?]
	at info.magnolia.cms.filters.MgnlFilterChain.doFilter(MgnlFilterChain.java:81) ~[magnolia-core-6.2.20.jar:?]
	at info.magnolia.cms.filters.MgnlFilterChain.doFilter(MgnlFilterChain.java:81) ~[magnolia-core-6.2.20.jar:?]
	at info.magnolia.cms.filters.ContentTypeFilter.doFilter(ContentTypeFilter.java:155) ~[magnolia-core-6.2.20.jar:?]
	at info.magnolia.cms.filters.AbstractMgnlFilter.doFilter(AbstractMgnlFilter.java:85) ~[magnolia-core-6.2.20.jar:?]
	at info.magnolia.cms.filters.MgnlFilterChain.doFilter(MgnlFilterChain.java:79) ~[magnolia-core-6.2.20.jar:?]
	at info.magnolia.cms.filters.ContextFilter.doFilter(ContextFilter.java:128) ~[magnolia-core-6.2.20.jar:?]
	at info.magnolia.cms.filters.AbstractMgnlFilter.doFilter(AbstractMgnlFilter.java:85) ~[magnolia-core-6.2.20.jar:?]
	at info.magnolia.cms.filters.MgnlFilterChain.doFilter(MgnlFilterChain.java:79) ~[magnolia-core-6.2.20.jar:?]
	at info.magnolia.cms.filters.CompositeFilter.doFilter(CompositeFilter.java:75) ~[magnolia-core-6.2.20.jar:?]
	at info.magnolia.cms.filters.AbstractMgnlFilter.doFilter(AbstractMgnlFilter.java:85) ~[magnolia-core-6.2.20.jar:?]
	at info.magnolia.cms.filters.SafeDestroyMgnlFilterWrapper.doFilter(SafeDestroyMgnlFilterWrapper.java:107) ~[magnolia-core-6.2.20.jar:?]
	at info.magnolia.cms.filters.MgnlFilterDispatcher.doDispatch(MgnlFilterDispatcher.java:67) ~[magnolia-core-6.2.20.jar:?]
	at info.magnolia.cms.filters.MgnlMainFilter.doFilter(MgnlMainFilter.java:110) ~[magnolia-core-6.2.20.jar:?]
	at info.magnolia.cms.filters.MgnlMainFilter.doFilter(MgnlMainFilter.java:96) ~[magnolia-core-6.2.20.jar:?]
	at org.apache.catalina.core.ApplicationFilterChain.internalDoFilter(ApplicationFilterChain.java:189) ~[catalina.jar:9.0.64]
	at org.apache.catalina.core.ApplicationFilterChain.doFilter(ApplicationFilterChain.java:162) ~[catalina.jar:9.0.64]
	at org.apache.catalina.core.StandardWrapperValve.invoke(StandardWrapperValve.java:197) ~[catalina.jar:9.0.64]
	at org.apache.catalina.core.StandardContextValve.invoke(StandardContextValve.java:97) ~[catalina.jar:9.0.64]
	at org.apache.catalina.authenticator.AuthenticatorBase.invoke(AuthenticatorBase.java:541) ~[catalina.jar:9.0.64]
	at org.apache.catalina.core.StandardHostValve.invoke(StandardHostValve.java:135) ~[catalina.jar:9.0.64]
	at org.apache.catalina.valves.ErrorReportValve.invoke(ErrorReportValve.java:92) ~[catalina.jar:9.0.64]
	at org.apache.catalina.valves.AbstractAccessLogValve.invoke(AbstractAccessLogValve.java:687) ~[catalina.jar:9.0.64]
	at org.apache.catalina.core.StandardEngineValve.invoke(StandardEngineValve.java:78) ~[catalina.jar:9.0.64]
	at org.apache.catalina.connector.CoyoteAdapter.service(CoyoteAdapter.java:360) ~[catalina.jar:9.0.64]
	at org.apache.coyote.http11.Http11Processor.service(Http11Processor.java:399) ~[tomcat-coyote.jar:9.0.64]
	at org.apache.coyote.AbstractProcessorLight.process(AbstractProcessorLight.java:65) ~[tomcat-coyote.jar:9.0.64]
	at org.apache.coyote.AbstractProtocol$ConnectionHandler.process(AbstractProtocol.java:890) ~[tomcat-coyote.jar:9.0.64]
	at org.apache.tomcat.util.net.NioEndpoint$SocketProcessor.doRun(NioEndpoint.java:1787) ~[tomcat-coyote.jar:9.0.64]
	at org.apache.tomcat.util.net.SocketProcessorBase.run(SocketProcessorBase.java:49) ~[tomcat-coyote.jar:9.0.64]
	at org.apache.tomcat.util.threads.ThreadPoolExecutor.runWorker(ThreadPoolExecutor.java:1191) ~[tomcat-util.jar:9.0.64]
	at org.apache.tomcat.util.threads.ThreadPoolExecutor$Worker.run(ThreadPoolExecutor.java:659) ~[tomcat-util.jar:9.0.64]
	at org.apache.tomcat.util.threads.TaskThread$WrappingRunnable.run(TaskThread.java:61) ~[tomcat-util.jar:9.0.64]
	at java.lang.Thread.run(Thread.java:834) ~[?:?]
ERROR info.magnolia.rest.RepositoryExceptionMapper 25.06.2022 15:20:52 -- Exception thrown executing REST endpoint, returning 404
javax.jcr.PathNotFoundException: /travel
	at org.apache.jackrabbit.core.session.SessionItemOperation.perform(SessionItemOperation.java:192) ~[jackrabbit-core-2.20.4.jar:2.20.4]
	at org.apache.jackrabbit.core.session.SessionState.perform(SessionState.java:216) ~[jackrabbit-core-2.20.4.jar:2.20.4]
	at org.apache.jackrabbit.core.SessionImpl.perform(SessionImpl.java:363) ~[jackrabbit-core-2.20.4.jar:2.20.4]
	at org.apache.jackrabbit.core.SessionImpl.getNode(SessionImpl.java:1151) ~[jackrabbit-core-2.20.4.jar:2.20.4]
	at info.magnolia.jcr.wrapper.DelegateSessionWrapper.getNode(DelegateSessionWrapper.java:177) ~[magnolia-core-6.2.20.jar:?]
	at info.magnolia.jcr.wrapper.DelegateSessionWrapper.getNode(DelegateSessionWrapper.java:177) ~[magnolia-core-6.2.20.jar:?]
	at info.magnolia.jcr.decoration.ContentDecoratorSessionWrapper.getNode(ContentDecoratorSessionWrapper.java:120) ~[magnolia-core-6.2.20.jar:?]
	at info.magnolia.jcr.wrapper.DelegateSessionWrapper.getNode(DelegateSessionWrapper.java:177) ~[magnolia-core-6.2.20.jar:?]
	at info.magnolia.jcr.decoration.ContentDecoratorSessionWrapper.getNode(ContentDecoratorSessionWrapper.java:120) ~[magnolia-core-6.2.20.jar:?]
	at info.magnolia.jcr.wrapper.DelegateSessionWrapper.getNode(DelegateSessionWrapper.java:177) ~[magnolia-core-6.2.20.jar:?]
	at info.magnolia.jcr.decoration.ContentDecoratorSessionWrapper.getNode(ContentDecoratorSessionWrapper.java:120) ~[magnolia-core-6.2.20.jar:?]
	at info.magnolia.jcr.wrapper.DelegateSessionWrapper.getNode(DelegateSessionWrapper.java:177) ~[magnolia-core-6.2.20.jar:?]
	at info.magnolia.jcr.decoration.ContentDecoratorSessionWrapper.getNode(ContentDecoratorSessionWrapper.java:120) ~[magnolia-core-6.2.20.jar:?]
	at info.magnolia.jcr.wrapper.DelegateSessionWrapper.getNode(DelegateSessionWrapper.java:177) ~[magnolia-core-6.2.20.jar:?]
	at info.magnolia.jcr.decoration.ContentDecoratorSessionWrapper.getNode(ContentDecoratorSessionWrapper.java:120) ~[magnolia-core-6.2.20.jar:?]
	at info.magnolia.rest.delivery.jcr.v2.JcrDeliveryEndpoint$1.exec(JcrDeliveryEndpoint.java:180) ~[magnolia-rest-content-delivery-2.2.14.jar:?]
	at info.magnolia.rest.delivery.jcr.v2.JcrDeliveryEndpoint$1.exec(JcrDeliveryEndpoint.java:176) ~[magnolia-rest-content-delivery-2.2.14.jar:?]
	at info.magnolia.cms.security.JCRSessionOp.exec(JCRSessionOp.java:68) ~[magnolia-core-6.2.20.jar:?]
	at info.magnolia.rest.delivery.jcr.v2.JcrDeliveryEndpoint.doSessionOperation(JcrDeliveryEndpoint.java:279) ~[magnolia-rest-content-delivery-2.2.14.jar:?]
	at info.magnolia.rest.delivery.jcr.v2.JcrDeliveryEndpoint.readNode(JcrDeliveryEndpoint.java:176) ~[magnolia-rest-content-delivery-2.2.14.jar:?]
	at jdk.internal.reflect.NativeMethodAccessorImpl.invoke0(Native Method) ~[?:?]
	at jdk.internal.reflect.NativeMethodAccessorImpl.invoke(NativeMethodAccessorImpl.java:62) ~[?:?]
	at jdk.internal.reflect.DelegatingMethodAccessorImpl.invoke(DelegatingMethodAccessorImpl.java:43) ~[?:?]
	at java.lang.reflect.Method.invoke(Method.java:566) ~[?:?]
	at org.jboss.resteasy.core.MethodInjectorImpl.invoke(MethodInjectorImpl.java:170) ~[resteasy-core-4.6.1.Final.jar:4.6.1.Final]
	at org.jboss.resteasy.core.MethodInjectorImpl.invoke(MethodInjectorImpl.java:130) ~[resteasy-core-4.6.1.Final.jar:4.6.1.Final]
	at org.jboss.resteasy.core.ResourceMethodInvoker.internalInvokeOnTarget(ResourceMethodInvoker.java:660) ~[resteasy-core-4.6.1.Final.jar:4.6.1.Final]
	at org.jboss.resteasy.core.ResourceMethodInvoker.invokeOnTargetAfterFilter(ResourceMethodInvoker.java:524) ~[resteasy-core-4.6.1.Final.jar:4.6.1.Final]
	at org.jboss.resteasy.core.ResourceMethodInvoker.lambda$invokeOnTarget$2(ResourceMethodInvoker.java:474) ~[resteasy-core-4.6.1.Final.jar:4.6.1.Final]
	at org.jboss.resteasy.core.interception.jaxrs.PreMatchContainerRequestContext.filter(PreMatchContainerRequestContext.java:364) ~[resteasy-core-4.6.1.Final.jar:4.6.1.Final]
	at org.jboss.resteasy.core.ResourceMethodInvoker.invokeOnTarget(ResourceMethodInvoker.java:476) ~[resteasy-core-4.6.1.Final.jar:4.6.1.Final]
	at org.jboss.resteasy.core.ResourceMethodInvoker.invoke(ResourceMethodInvoker.java:434) ~[resteasy-core-4.6.1.Final.jar:4.6.1.Final]
	at org.jboss.resteasy.core.ResourceMethodInvoker.invoke(ResourceMethodInvoker.java:408) ~[resteasy-core-4.6.1.Final.jar:4.6.1.Final]
	at org.jboss.resteasy.core.ResourceMethodInvoker.invoke(ResourceMethodInvoker.java:69) ~[resteasy-core-4.6.1.Final.jar:4.6.1.Final]
	at org.jboss.resteasy.core.SynchronousDispatcher.invoke(SynchronousDispatcher.java:492) ~[resteasy-core-4.6.1.Final.jar:4.6.1.Final]
	at org.jboss.resteasy.core.SynchronousDispatcher.lambda$invoke$4(SynchronousDispatcher.java:261) ~[resteasy-core-4.6.1.Final.jar:4.6.1.Final]
	at org.jboss.resteasy.core.SynchronousDispatcher.lambda$preprocess$0(SynchronousDispatcher.java:161) ~[resteasy-core-4.6.1.Final.jar:4.6.1.Final]
	at org.jboss.resteasy.core.interception.jaxrs.PreMatchContainerRequestContext.filter(PreMatchContainerRequestContext.java:364) ~[resteasy-core-4.6.1.Final.jar:4.6.1.Final]
	at org.jboss.resteasy.core.SynchronousDispatcher.preprocess(SynchronousDispatcher.java:164) ~[resteasy-core-4.6.1.Final.jar:4.6.1.Final]
	at org.jboss.resteasy.core.SynchronousDispatcher.invoke(SynchronousDispatcher.java:247) ~[resteasy-core-4.6.1.Final.jar:4.6.1.Final]
	at org.jboss.resteasy.plugins.server.servlet.ServletContainerDispatcher.service(ServletContainerDispatcher.java:249) ~[resteasy-core-4.6.1.Final.jar:4.6.1.Final]
	at org.jboss.resteasy.plugins.server.servlet.HttpServletDispatcher.service(HttpServletDispatcher.java:60) ~[resteasy-core-4.6.1.Final.jar:4.6.1.Final]
	at org.jboss.resteasy.plugins.server.servlet.HttpServletDispatcher.service(HttpServletDispatcher.java:55) ~[resteasy-core-4.6.1.Final.jar:4.6.1.Final]
	at javax.servlet.http.HttpServlet.service(HttpServlet.java:764) ~[servlet-api.jar:4.0.FR]
	at info.magnolia.cms.filters.ServletDispatchingFilter.doFilter(ServletDispatchingFilter.java:148) ~[magnolia-core-6.2.20.jar:?]
	at info.magnolia.cms.filters.AbstractMgnlFilter.doFilter(AbstractMgnlFilter.java:85) ~[magnolia-core-6.2.20.jar:?]
	at info.magnolia.cms.filters.MgnlFilterChain.doFilter(MgnlFilterChain.java:79) ~[magnolia-core-6.2.20.jar:?]
	at info.magnolia.cms.filters.MgnlFilterChain.doFilter(MgnlFilterChain.java:81) ~[magnolia-core-6.2.20.jar:?]
	at info.magnolia.cms.filters.CompositeFilter.doFilter(CompositeFilter.java:75) ~[magnolia-core-6.2.20.jar:?]
	at info.magnolia.cms.filters.AbstractMgnlFilter.doFilter(AbstractMgnlFilter.java:85) ~[magnolia-core-6.2.20.jar:?]
	at info.magnolia.cms.filters.MgnlFilterChain.doFilter(MgnlFilterChain.java:79) ~[magnolia-core-6.2.20.jar:?]
	at info.magnolia.module.cache.executor.Bypass.processCacheRequest(Bypass.java:58) ~[magnolia-cache-core-5.9.4.jar:?]
	at info.magnolia.module.cache.executor.CompositeExecutor.processCacheRequest(CompositeExecutor.java:66) ~[magnolia-cache-core-5.9.4.jar:?]
	at info.magnolia.module.cache.filter.CacheFilter.doFilter(CacheFilter.java:164) ~[magnolia-cache-core-5.9.4.jar:?]
	at info.magnolia.cms.filters.AbstractMgnlFilter.doFilter(AbstractMgnlFilter.java:85) ~[magnolia-core-6.2.20.jar:?]
	at info.magnolia.cms.filters.MgnlFilterChain.doFilter(MgnlFilterChain.java:79) ~[magnolia-core-6.2.20.jar:?]
	at info.magnolia.cms.i18n.I18nContentSupportFilter.doFilter(I18nContentSupportFilter.java:85) ~[magnolia-core-6.2.20.jar:?]
	at info.magnolia.cms.filters.AbstractMgnlFilter.doFilter(AbstractMgnlFilter.java:85) ~[magnolia-core-6.2.20.jar:?]
	at info.magnolia.cms.filters.MgnlFilterChain.doFilter(MgnlFilterChain.java:79) ~[magnolia-core-6.2.20.jar:?]
	at info.magnolia.virtualuri.VirtualUriFilter.doFilter(VirtualUriFilter.java:102) ~[magnolia-virtual-uri-6.2.20.jar:?]
	at info.magnolia.cms.filters.AbstractMgnlFilter.doFilter(AbstractMgnlFilter.java:85) ~[magnolia-core-6.2.20.jar:?]
	at info.magnolia.cms.filters.MgnlFilterChain.doFilter(MgnlFilterChain.java:79) ~[magnolia-core-6.2.20.jar:?]
	at info.magnolia.cms.filters.RangeSupportFilter.doFilter(RangeSupportFilter.java:78) ~[magnolia-core-6.2.20.jar:?]
	at info.magnolia.cms.filters.AbstractMgnlFilter.doFilter(AbstractMgnlFilter.java:85) ~[magnolia-core-6.2.20.jar:?]
	at info.magnolia.cms.filters.MgnlFilterChain.doFilter(MgnlFilterChain.java:79) ~[magnolia-core-6.2.20.jar:?]
	at info.magnolia.cms.security.BaseSecurityFilter.doFilter(BaseSecurityFilter.java:57) ~[magnolia-core-6.2.20.jar:?]
	at info.magnolia.cms.filters.AbstractMgnlFilter.doFilter(AbstractMgnlFilter.java:85) ~[magnolia-core-6.2.20.jar:?]
	at info.magnolia.cms.filters.MgnlFilterChain.doFilter(MgnlFilterChain.java:79) ~[magnolia-core-6.2.20.jar:?]
	at info.magnolia.cors.AbstractCorsFilter.doFilter(AbstractCorsFilter.java:77) ~[magnolia-core-6.2.20.jar:?]
	at info.magnolia.cms.filters.AbstractMgnlFilter.doFilter(AbstractMgnlFilter.java:85) ~[magnolia-core-6.2.20.jar:?]
	at info.magnolia.cms.filters.CompositeFilter.doFilter(CompositeFilter.java:79) ~[magnolia-core-6.2.20.jar:?]
	at info.magnolia.cms.filters.AbstractMgnlFilter.doFilter(AbstractMgnlFilter.java:85) ~[magnolia-core-6.2.20.jar:?]
	at info.magnolia.cms.filters.MgnlFilterChain.doFilter(MgnlFilterChain.java:79) ~[magnolia-core-6.2.20.jar:?]
	at info.magnolia.cms.filters.MgnlFilterChain.doFilter(MgnlFilterChain.java:81) ~[magnolia-core-6.2.20.jar:?]
	at info.magnolia.cms.security.SecurityCallbackFilter.doFilter(SecurityCallbackFilter.java:84) ~[magnolia-core-6.2.20.jar:?]
	at info.magnolia.cms.filters.OncePerRequestAbstractMgnlFilter.doFilter(OncePerRequestAbstractMgnlFilter.java:59) ~[magnolia-core-6.2.20.jar:?]
	at info.magnolia.cms.filters.MgnlFilterChain.doFilter(MgnlFilterChain.java:79) ~[magnolia-core-6.2.20.jar:?]
	at info.magnolia.cms.security.LogoutFilter.doFilter(LogoutFilter.java:94) ~[magnolia-core-6.2.20.jar:?]
	at info.magnolia.cms.filters.OncePerRequestAbstractMgnlFilter.doFilter(OncePerRequestAbstractMgnlFilter.java:59) ~[magnolia-core-6.2.20.jar:?]
	at info.magnolia.cms.filters.MgnlFilterChain.doFilter(MgnlFilterChain.java:79) ~[magnolia-core-6.2.20.jar:?]
	at info.magnolia.module.site.filters.SiteMergeFilter.doFilter(SiteMergeFilter.java:119) ~[magnolia-site-1.4.4.jar:?]
	at info.magnolia.cms.filters.AbstractMgnlFilter.doFilter(AbstractMgnlFilter.java:85) ~[magnolia-core-6.2.20.jar:?]
	at info.magnolia.cms.filters.MgnlFilterChain.doFilter(MgnlFilterChain.java:79) ~[magnolia-core-6.2.20.jar:?]
	at info.magnolia.cms.filters.MultiChannelFilter.doFilter(MultiChannelFilter.java:83) ~[magnolia-core-6.2.20.jar:?]
	at info.magnolia.cms.filters.AbstractMgnlFilter.doFilter(AbstractMgnlFilter.java:85) ~[magnolia-core-6.2.20.jar:?]
	at info.magnolia.cms.filters.MgnlFilterChain.doFilter(MgnlFilterChain.java:79) ~[magnolia-core-6.2.20.jar:?]
	at info.magnolia.module.cache.filter.GZipFilter.doFilter(GZipFilter.java:74) ~[magnolia-cache-core-5.9.4.jar:?]
	at info.magnolia.cms.filters.OncePerRequestAbstractMgnlFilter.doFilter(OncePerRequestAbstractMgnlFilter.java:59) ~[magnolia-core-6.2.20.jar:?]
	at info.magnolia.cms.filters.MgnlFilterChain.doFilter(MgnlFilterChain.java:79) ~[magnolia-core-6.2.20.jar:?]
	at info.magnolia.cms.filters.MgnlFilterChain.doFilter(MgnlFilterChain.java:81) ~[magnolia-core-6.2.20.jar:?]
	at info.magnolia.cms.security.auth.login.LoginFilter.doFilter(LoginFilter.java:128) ~[magnolia-core-6.2.20.jar:?]
	at info.magnolia.cms.filters.AbstractMgnlFilter.doFilter(AbstractMgnlFilter.java:85) ~[magnolia-core-6.2.20.jar:?]
	at info.magnolia.cms.filters.MgnlFilterChain.doFilter(MgnlFilterChain.java:79) ~[magnolia-core-6.2.20.jar:?]
	at info.magnolia.cms.filters.MgnlFilterChain.doFilter(MgnlFilterChain.java:81) ~[magnolia-core-6.2.20.jar:?]
	at info.magnolia.cms.filters.MgnlFilterChain.doFilter(MgnlFilterChain.java:81) ~[magnolia-core-6.2.20.jar:?]
	at info.magnolia.cms.filters.MgnlFilterChain.doFilter(MgnlFilterChain.java:81) ~[magnolia-core-6.2.20.jar:?]
	at info.magnolia.cms.filters.ContentTypeFilter.doFilter(ContentTypeFilter.java:155) ~[magnolia-core-6.2.20.jar:?]
	at info.magnolia.cms.filters.AbstractMgnlFilter.doFilter(AbstractMgnlFilter.java:85) ~[magnolia-core-6.2.20.jar:?]
	at info.magnolia.cms.filters.MgnlFilterChain.doFilter(MgnlFilterChain.java:79) ~[magnolia-core-6.2.20.jar:?]
	at info.magnolia.cms.filters.ContextFilter.doFilter(ContextFilter.java:128) ~[magnolia-core-6.2.20.jar:?]
	at info.magnolia.cms.filters.AbstractMgnlFilter.doFilter(AbstractMgnlFilter.java:85) ~[magnolia-core-6.2.20.jar:?]
	at info.magnolia.cms.filters.MgnlFilterChain.doFilter(MgnlFilterChain.java:79) ~[magnolia-core-6.2.20.jar:?]
	at info.magnolia.cms.filters.CompositeFilter.doFilter(CompositeFilter.java:75) ~[magnolia-core-6.2.20.jar:?]
	at info.magnolia.cms.filters.AbstractMgnlFilter.doFilter(AbstractMgnlFilter.java:85) ~[magnolia-core-6.2.20.jar:?]
	at info.magnolia.cms.filters.SafeDestroyMgnlFilterWrapper.doFilter(SafeDestroyMgnlFilterWrapper.java:107) ~[magnolia-core-6.2.20.jar:?]
	at info.magnolia.cms.filters.MgnlFilterDispatcher.doDispatch(MgnlFilterDispatcher.java:67) ~[magnolia-core-6.2.20.jar:?]
	at info.magnolia.cms.filters.MgnlMainFilter.doFilter(MgnlMainFilter.java:110) ~[magnolia-core-6.2.20.jar:?]
	at info.magnolia.cms.filters.MgnlMainFilter.doFilter(MgnlMainFilter.java:96) ~[magnolia-core-6.2.20.jar:?]
	at org.apache.catalina.core.ApplicationFilterChain.internalDoFilter(ApplicationFilterChain.java:189) ~[catalina.jar:9.0.64]
	at org.apache.catalina.core.ApplicationFilterChain.doFilter(ApplicationFilterChain.java:162) ~[catalina.jar:9.0.64]
	at org.apache.catalina.core.StandardWrapperValve.invoke(StandardWrapperValve.java:197) ~[catalina.jar:9.0.64]
	at org.apache.catalina.core.StandardContextValve.invoke(StandardContextValve.java:97) ~[catalina.jar:9.0.64]
	at org.apache.catalina.authenticator.AuthenticatorBase.invoke(AuthenticatorBase.java:541) ~[catalina.jar:9.0.64]
	at org.apache.catalina.core.StandardHostValve.invoke(StandardHostValve.java:135) ~[catalina.jar:9.0.64]
	at org.apache.catalina.valves.ErrorReportValve.invoke(ErrorReportValve.java:92) ~[catalina.jar:9.0.64]
	at org.apache.catalina.valves.AbstractAccessLogValve.invoke(AbstractAccessLogValve.java:687) ~[catalina.jar:9.0.64]
	at org.apache.catalina.core.StandardEngineValve.invoke(StandardEngineValve.java:78) ~[catalina.jar:9.0.64]
	at org.apache.catalina.connector.CoyoteAdapter.service(CoyoteAdapter.java:360) ~[catalina.jar:9.0.64]
	at org.apache.coyote.http11.Http11Processor.service(Http11Processor.java:399) ~[tomcat-coyote.jar:9.0.64]
	at org.apache.coyote.AbstractProcessorLight.process(AbstractProcessorLight.java:65) ~[tomcat-coyote.jar:9.0.64]
	at org.apache.coyote.AbstractProtocol$ConnectionHandler.process(AbstractProtocol.java:890) ~[tomcat-coyote.jar:9.0.64]
	at org.apache.tomcat.util.net.NioEndpoint$SocketProcessor.doRun(NioEndpoint.java:1787) ~[tomcat-coyote.jar:9.0.64]
	at org.apache.tomcat.util.net.SocketProcessorBase.run(SocketProcessorBase.java:49) ~[tomcat-coyote.jar:9.0.64]
	at org.apache.tomcat.util.threads.ThreadPoolExecutor.runWorker(ThreadPoolExecutor.java:1191) ~[tomcat-util.jar:9.0.64]
	at org.apache.tomcat.util.threads.ThreadPoolExecutor$Worker.run(ThreadPoolExecutor.java:659) ~[tomcat-util.jar:9.0.64]
	at org.apache.tomcat.util.threads.TaskThread$WrappingRunnable.run(TaskThread.java:61) ~[tomcat-util.jar:9.0.64]
	at java.lang.Thread.run(Thread.java:834) ~[?:?]
ERROR info.magnolia.rest.RepositoryExceptionMapper 25.06.2022 15:20:54 -- Exception thrown executing REST endpoint, returning 404
javax.jcr.PathNotFoundException: /travel
	at org.apache.jackrabbit.core.session.SessionItemOperation.perform(SessionItemOperation.java:192) ~[jackrabbit-core-2.20.4.jar:2.20.4]
	at org.apache.jackrabbit.core.session.SessionState.perform(SessionState.java:216) ~[jackrabbit-core-2.20.4.jar:2.20.4]
	at org.apache.jackrabbit.core.SessionImpl.perform(SessionImpl.java:363) ~[jackrabbit-core-2.20.4.jar:2.20.4]
	at org.apache.jackrabbit.core.SessionImpl.getNode(SessionImpl.java:1151) ~[jackrabbit-core-2.20.4.jar:2.20.4]
	at info.magnolia.jcr.wrapper.DelegateSessionWrapper.getNode(DelegateSessionWrapper.java:177) ~[magnolia-core-6.2.20.jar:?]
	at info.magnolia.jcr.wrapper.DelegateSessionWrapper.getNode(DelegateSessionWrapper.java:177) ~[magnolia-core-6.2.20.jar:?]
	at info.magnolia.jcr.decoration.ContentDecoratorSessionWrapper.getNode(ContentDecoratorSessionWrapper.java:120) ~[magnolia-core-6.2.20.jar:?]
	at info.magnolia.jcr.wrapper.DelegateSessionWrapper.getNode(DelegateSessionWrapper.java:177) ~[magnolia-core-6.2.20.jar:?]
	at info.magnolia.jcr.decoration.ContentDecoratorSessionWrapper.getNode(ContentDecoratorSessionWrapper.java:120) ~[magnolia-core-6.2.20.jar:?]
	at info.magnolia.jcr.wrapper.DelegateSessionWrapper.getNode(DelegateSessionWrapper.java:177) ~[magnolia-core-6.2.20.jar:?]
	at info.magnolia.jcr.decoration.ContentDecoratorSessionWrapper.getNode(ContentDecoratorSessionWrapper.java:120) ~[magnolia-core-6.2.20.jar:?]
	at info.magnolia.jcr.wrapper.DelegateSessionWrapper.getNode(DelegateSessionWrapper.java:177) ~[magnolia-core-6.2.20.jar:?]
	at info.magnolia.jcr.decoration.ContentDecoratorSessionWrapper.getNode(ContentDecoratorSessionWrapper.java:120) ~[magnolia-core-6.2.20.jar:?]
	at info.magnolia.jcr.wrapper.DelegateSessionWrapper.getNode(DelegateSessionWrapper.java:177) ~[magnolia-core-6.2.20.jar:?]
	at info.magnolia.jcr.decoration.ContentDecoratorSessionWrapper.getNode(ContentDecoratorSessionWrapper.java:120) ~[magnolia-core-6.2.20.jar:?]
	at info.magnolia.rest.delivery.jcr.v2.JcrDeliveryEndpoint$1.exec(JcrDeliveryEndpoint.java:180) ~[magnolia-rest-content-delivery-2.2.14.jar:?]
	at info.magnolia.rest.delivery.jcr.v2.JcrDeliveryEndpoint$1.exec(JcrDeliveryEndpoint.java:176) ~[magnolia-rest-content-delivery-2.2.14.jar:?]
	at info.magnolia.cms.security.JCRSessionOp.exec(JCRSessionOp.java:68) ~[magnolia-core-6.2.20.jar:?]
	at info.magnolia.rest.delivery.jcr.v2.JcrDeliveryEndpoint.doSessionOperation(JcrDeliveryEndpoint.java:279) ~[magnolia-rest-content-delivery-2.2.14.jar:?]
	at info.magnolia.rest.delivery.jcr.v2.JcrDeliveryEndpoint.readNode(JcrDeliveryEndpoint.java:176) ~[magnolia-rest-content-delivery-2.2.14.jar:?]
	at jdk.internal.reflect.NativeMethodAccessorImpl.invoke0(Native Method) ~[?:?]
	at jdk.internal.reflect.NativeMethodAccessorImpl.invoke(NativeMethodAccessorImpl.java:62) ~[?:?]
	at jdk.internal.reflect.DelegatingMethodAccessorImpl.invoke(DelegatingMethodAccessorImpl.java:43) ~[?:?]
	at java.lang.reflect.Method.invoke(Method.java:566) ~[?:?]
	at org.jboss.resteasy.core.MethodInjectorImpl.invoke(MethodInjectorImpl.java:170) ~[resteasy-core-4.6.1.Final.jar:4.6.1.Final]
	at org.jboss.resteasy.core.MethodInjectorImpl.invoke(MethodInjectorImpl.java:130) ~[resteasy-core-4.6.1.Final.jar:4.6.1.Final]
	at org.jboss.resteasy.core.ResourceMethodInvoker.internalInvokeOnTarget(ResourceMethodInvoker.java:660) ~[resteasy-core-4.6.1.Final.jar:4.6.1.Final]
	at org.jboss.resteasy.core.ResourceMethodInvoker.invokeOnTargetAfterFilter(ResourceMethodInvoker.java:524) ~[resteasy-core-4.6.1.Final.jar:4.6.1.Final]
	at org.jboss.resteasy.core.ResourceMethodInvoker.lambda$invokeOnTarget$2(ResourceMethodInvoker.java:474) ~[resteasy-core-4.6.1.Final.jar:4.6.1.Final]
	at org.jboss.resteasy.core.interception.jaxrs.PreMatchContainerRequestContext.filter(PreMatchContainerRequestContext.java:364) ~[resteasy-core-4.6.1.Final.jar:4.6.1.Final]
	at org.jboss.resteasy.core.ResourceMethodInvoker.invokeOnTarget(ResourceMethodInvoker.java:476) ~[resteasy-core-4.6.1.Final.jar:4.6.1.Final]
	at org.jboss.resteasy.core.ResourceMethodInvoker.invoke(ResourceMethodInvoker.java:434) ~[resteasy-core-4.6.1.Final.jar:4.6.1.Final]
	at org.jboss.resteasy.core.ResourceMethodInvoker.invoke(ResourceMethodInvoker.java:408) ~[resteasy-core-4.6.1.Final.jar:4.6.1.Final]
	at org.jboss.resteasy.core.ResourceMethodInvoker.invoke(ResourceMethodInvoker.java:69) ~[resteasy-core-4.6.1.Final.jar:4.6.1.Final]
	at org.jboss.resteasy.core.SynchronousDispatcher.invoke(SynchronousDispatcher.java:492) ~[resteasy-core-4.6.1.Final.jar:4.6.1.Final]
	at org.jboss.resteasy.core.SynchronousDispatcher.lambda$invoke$4(SynchronousDispatcher.java:261) ~[resteasy-core-4.6.1.Final.jar:4.6.1.Final]
	at org.jboss.resteasy.core.SynchronousDispatcher.lambda$preprocess$0(SynchronousDispatcher.java:161) ~[resteasy-core-4.6.1.Final.jar:4.6.1.Final]
	at org.jboss.resteasy.core.interception.jaxrs.PreMatchContainerRequestContext.filter(PreMatchContainerRequestContext.java:364) ~[resteasy-core-4.6.1.Final.jar:4.6.1.Final]
	at org.jboss.resteasy.core.SynchronousDispatcher.preprocess(SynchronousDispatcher.java:164) ~[resteasy-core-4.6.1.Final.jar:4.6.1.Final]
	at org.jboss.resteasy.core.SynchronousDispatcher.invoke(SynchronousDispatcher.java:247) ~[resteasy-core-4.6.1.Final.jar:4.6.1.Final]
	at org.jboss.resteasy.plugins.server.servlet.ServletContainerDispatcher.service(ServletContainerDispatcher.java:249) ~[resteasy-core-4.6.1.Final.jar:4.6.1.Final]
	at org.jboss.resteasy.plugins.server.servlet.HttpServletDispatcher.service(HttpServletDispatcher.java:60) ~[resteasy-core-4.6.1.Final.jar:4.6.1.Final]
	at org.jboss.resteasy.plugins.server.servlet.HttpServletDispatcher.service(HttpServletDispatcher.java:55) ~[resteasy-core-4.6.1.Final.jar:4.6.1.Final]
	at javax.servlet.http.HttpServlet.service(HttpServlet.java:764) ~[servlet-api.jar:4.0.FR]
	at info.magnolia.cms.filters.ServletDispatchingFilter.doFilter(ServletDispatchingFilter.java:148) ~[magnolia-core-6.2.20.jar:?]
	at info.magnolia.cms.filters.AbstractMgnlFilter.doFilter(AbstractMgnlFilter.java:85) ~[magnolia-core-6.2.20.jar:?]
	at info.magnolia.cms.filters.MgnlFilterChain.doFilter(MgnlFilterChain.java:79) ~[magnolia-core-6.2.20.jar:?]
	at info.magnolia.cms.filters.MgnlFilterChain.doFilter(MgnlFilterChain.java:81) ~[magnolia-core-6.2.20.jar:?]
	at info.magnolia.cms.filters.CompositeFilter.doFilter(CompositeFilter.java:75) ~[magnolia-core-6.2.20.jar:?]
	at info.magnolia.cms.filters.AbstractMgnlFilter.doFilter(AbstractMgnlFilter.java:85) ~[magnolia-core-6.2.20.jar:?]
	at info.magnolia.cms.filters.MgnlFilterChain.doFilter(MgnlFilterChain.java:79) ~[magnolia-core-6.2.20.jar:?]
	at info.magnolia.module.cache.executor.Bypass.processCacheRequest(Bypass.java:58) ~[magnolia-cache-core-5.9.4.jar:?]
	at info.magnolia.module.cache.executor.CompositeExecutor.processCacheRequest(CompositeExecutor.java:66) ~[magnolia-cache-core-5.9.4.jar:?]
	at info.magnolia.module.cache.filter.CacheFilter.doFilter(CacheFilter.java:164) ~[magnolia-cache-core-5.9.4.jar:?]
	at info.magnolia.cms.filters.AbstractMgnlFilter.doFilter(AbstractMgnlFilter.java:85) ~[magnolia-core-6.2.20.jar:?]
	at info.magnolia.cms.filters.MgnlFilterChain.doFilter(MgnlFilterChain.java:79) ~[magnolia-core-6.2.20.jar:?]
	at info.magnolia.cms.i18n.I18nContentSupportFilter.doFilter(I18nContentSupportFilter.java:85) ~[magnolia-core-6.2.20.jar:?]
	at info.magnolia.cms.filters.AbstractMgnlFilter.doFilter(AbstractMgnlFilter.java:85) ~[magnolia-core-6.2.20.jar:?]
	at info.magnolia.cms.filters.MgnlFilterChain.doFilter(MgnlFilterChain.java:79) ~[magnolia-core-6.2.20.jar:?]
	at info.magnolia.virtualuri.VirtualUriFilter.doFilter(VirtualUriFilter.java:102) ~[magnolia-virtual-uri-6.2.20.jar:?]
	at info.magnolia.cms.filters.AbstractMgnlFilter.doFilter(AbstractMgnlFilter.java:85) ~[magnolia-core-6.2.20.jar:?]
	at info.magnolia.cms.filters.MgnlFilterChain.doFilter(MgnlFilterChain.java:79) ~[magnolia-core-6.2.20.jar:?]
	at info.magnolia.cms.filters.RangeSupportFilter.doFilter(RangeSupportFilter.java:78) ~[magnolia-core-6.2.20.jar:?]
	at info.magnolia.cms.filters.AbstractMgnlFilter.doFilter(AbstractMgnlFilter.java:85) ~[magnolia-core-6.2.20.jar:?]
	at info.magnolia.cms.filters.MgnlFilterChain.doFilter(MgnlFilterChain.java:79) ~[magnolia-core-6.2.20.jar:?]
	at info.magnolia.cms.security.BaseSecurityFilter.doFilter(BaseSecurityFilter.java:57) ~[magnolia-core-6.2.20.jar:?]
	at info.magnolia.cms.filters.AbstractMgnlFilter.doFilter(AbstractMgnlFilter.java:85) ~[magnolia-core-6.2.20.jar:?]
	at info.magnolia.cms.filters.MgnlFilterChain.doFilter(MgnlFilterChain.java:79) ~[magnolia-core-6.2.20.jar:?]
	at info.magnolia.cors.AbstractCorsFilter.doFilter(AbstractCorsFilter.java:77) ~[magnolia-core-6.2.20.jar:?]
	at info.magnolia.cms.filters.AbstractMgnlFilter.doFilter(AbstractMgnlFilter.java:85) ~[magnolia-core-6.2.20.jar:?]
	at info.magnolia.cms.filters.CompositeFilter.doFilter(CompositeFilter.java:79) ~[magnolia-core-6.2.20.jar:?]
	at info.magnolia.cms.filters.AbstractMgnlFilter.doFilter(AbstractMgnlFilter.java:85) ~[magnolia-core-6.2.20.jar:?]
	at info.magnolia.cms.filters.MgnlFilterChain.doFilter(MgnlFilterChain.java:79) ~[magnolia-core-6.2.20.jar:?]
	at info.magnolia.cms.filters.MgnlFilterChain.doFilter(MgnlFilterChain.java:81) ~[magnolia-core-6.2.20.jar:?]
	at info.magnolia.cms.security.SecurityCallbackFilter.doFilter(SecurityCallbackFilter.java:84) ~[magnolia-core-6.2.20.jar:?]
	at info.magnolia.cms.filters.OncePerRequestAbstractMgnlFilter.doFilter(OncePerRequestAbstractMgnlFilter.java:59) ~[magnolia-core-6.2.20.jar:?]
	at info.magnolia.cms.filters.MgnlFilterChain.doFilter(MgnlFilterChain.java:79) ~[magnolia-core-6.2.20.jar:?]
	at info.magnolia.cms.security.LogoutFilter.doFilter(LogoutFilter.java:94) ~[magnolia-core-6.2.20.jar:?]
	at info.magnolia.cms.filters.OncePerRequestAbstractMgnlFilter.doFilter(OncePerRequestAbstractMgnlFilter.java:59) ~[magnolia-core-6.2.20.jar:?]
	at info.magnolia.cms.filters.MgnlFilterChain.doFilter(MgnlFilterChain.java:79) ~[magnolia-core-6.2.20.jar:?]
	at info.magnolia.module.site.filters.SiteMergeFilter.doFilter(SiteMergeFilter.java:119) ~[magnolia-site-1.4.4.jar:?]
	at info.magnolia.cms.filters.AbstractMgnlFilter.doFilter(AbstractMgnlFilter.java:85) ~[magnolia-core-6.2.20.jar:?]
	at info.magnolia.cms.filters.MgnlFilterChain.doFilter(MgnlFilterChain.java:79) ~[magnolia-core-6.2.20.jar:?]
	at info.magnolia.cms.filters.MultiChannelFilter.doFilter(MultiChannelFilter.java:83) ~[magnolia-core-6.2.20.jar:?]
	at info.magnolia.cms.filters.AbstractMgnlFilter.doFilter(AbstractMgnlFilter.java:85) ~[magnolia-core-6.2.20.jar:?]
	at info.magnolia.cms.filters.MgnlFilterChain.doFilter(MgnlFilterChain.java:79) ~[magnolia-core-6.2.20.jar:?]
	at info.magnolia.module.cache.filter.GZipFilter.doFilter(GZipFilter.java:74) ~[magnolia-cache-core-5.9.4.jar:?]
	at info.magnolia.cms.filters.OncePerRequestAbstractMgnlFilter.doFilter(OncePerRequestAbstractMgnlFilter.java:59) ~[magnolia-core-6.2.20.jar:?]
	at info.magnolia.cms.filters.MgnlFilterChain.doFilter(MgnlFilterChain.java:79) ~[magnolia-core-6.2.20.jar:?]
	at info.magnolia.cms.filters.MgnlFilterChain.doFilter(MgnlFilterChain.java:81) ~[magnolia-core-6.2.20.jar:?]
	at info.magnolia.cms.security.auth.login.LoginFilter.doFilter(LoginFilter.java:128) ~[magnolia-core-6.2.20.jar:?]
	at info.magnolia.cms.filters.AbstractMgnlFilter.doFilter(AbstractMgnlFilter.java:85) ~[magnolia-core-6.2.20.jar:?]
	at info.magnolia.cms.filters.MgnlFilterChain.doFilter(MgnlFilterChain.java:79) ~[magnolia-core-6.2.20.jar:?]
	at info.magnolia.cms.filters.MgnlFilterChain.doFilter(MgnlFilterChain.java:81) ~[magnolia-core-6.2.20.jar:?]
	at info.magnolia.cms.filters.MgnlFilterChain.doFilter(MgnlFilterChain.java:81) ~[magnolia-core-6.2.20.jar:?]
	at info.magnolia.cms.filters.MgnlFilterChain.doFilter(MgnlFilterChain.java:81) ~[magnolia-core-6.2.20.jar:?]
	at info.magnolia.cms.filters.ContentTypeFilter.doFilter(ContentTypeFilter.java:155) ~[magnolia-core-6.2.20.jar:?]
	at info.magnolia.cms.filters.AbstractMgnlFilter.doFilter(AbstractMgnlFilter.java:85) ~[magnolia-core-6.2.20.jar:?]
	at info.magnolia.cms.filters.MgnlFilterChain.doFilter(MgnlFilterChain.java:79) ~[magnolia-core-6.2.20.jar:?]
	at info.magnolia.cms.filters.ContextFilter.doFilter(ContextFilter.java:128) ~[magnolia-core-6.2.20.jar:?]
	at info.magnolia.cms.filters.AbstractMgnlFilter.doFilter(AbstractMgnlFilter.java:85) ~[magnolia-core-6.2.20.jar:?]
	at info.magnolia.cms.filters.MgnlFilterChain.doFilter(MgnlFilterChain.java:79) ~[magnolia-core-6.2.20.jar:?]
	at info.magnolia.cms.filters.CompositeFilter.doFilter(CompositeFilter.java:75) ~[magnolia-core-6.2.20.jar:?]
	at info.magnolia.cms.filters.AbstractMgnlFilter.doFilter(AbstractMgnlFilter.java:85) ~[magnolia-core-6.2.20.jar:?]
	at info.magnolia.cms.filters.SafeDestroyMgnlFilterWrapper.doFilter(SafeDestroyMgnlFilterWrapper.java:107) ~[magnolia-core-6.2.20.jar:?]
	at info.magnolia.cms.filters.MgnlFilterDispatcher.doDispatch(MgnlFilterDispatcher.java:67) ~[magnolia-core-6.2.20.jar:?]
	at info.magnolia.cms.filters.MgnlMainFilter.doFilter(MgnlMainFilter.java:110) ~[magnolia-core-6.2.20.jar:?]
	at info.magnolia.cms.filters.MgnlMainFilter.doFilter(MgnlMainFilter.java:96) ~[magnolia-core-6.2.20.jar:?]
	at org.apache.catalina.core.ApplicationFilterChain.internalDoFilter(ApplicationFilterChain.java:189) ~[catalina.jar:9.0.64]
	at org.apache.catalina.core.ApplicationFilterChain.doFilter(ApplicationFilterChain.java:162) ~[catalina.jar:9.0.64]
	at org.apache.catalina.core.StandardWrapperValve.invoke(StandardWrapperValve.java:197) ~[catalina.jar:9.0.64]
	at org.apache.catalina.core.StandardContextValve.invoke(StandardContextValve.java:97) ~[catalina.jar:9.0.64]
	at org.apache.catalina.authenticator.AuthenticatorBase.invoke(AuthenticatorBase.java:541) ~[catalina.jar:9.0.64]
	at org.apache.catalina.core.StandardHostValve.invoke(StandardHostValve.java:135) ~[catalina.jar:9.0.64]
	at org.apache.catalina.valves.ErrorReportValve.invoke(ErrorReportValve.java:92) ~[catalina.jar:9.0.64]
	at org.apache.catalina.valves.AbstractAccessLogValve.invoke(AbstractAccessLogValve.java:687) ~[catalina.jar:9.0.64]
	at org.apache.catalina.core.StandardEngineValve.invoke(StandardEngineValve.java:78) ~[catalina.jar:9.0.64]
	at org.apache.catalina.connector.CoyoteAdapter.service(CoyoteAdapter.java:360) ~[catalina.jar:9.0.64]
	at org.apache.coyote.http11.Http11Processor.service(Http11Processor.java:399) ~[tomcat-coyote.jar:9.0.64]
	at org.apache.coyote.AbstractProcessorLight.process(AbstractProcessorLight.java:65) ~[tomcat-coyote.jar:9.0.64]
	at org.apache.coyote.AbstractProtocol$ConnectionHandler.process(AbstractProtocol.java:890) ~[tomcat-coyote.jar:9.0.64]
	at org.apache.tomcat.util.net.NioEndpoint$SocketProcessor.doRun(NioEndpoint.java:1787) ~[tomcat-coyote.jar:9.0.64]
	at org.apache.tomcat.util.net.SocketProcessorBase.run(SocketProcessorBase.java:49) ~[tomcat-coyote.jar:9.0.64]
	at org.apache.tomcat.util.threads.ThreadPoolExecutor.runWorker(ThreadPoolExecutor.java:1191) ~[tomcat-util.jar:9.0.64]
	at org.apache.tomcat.util.threads.ThreadPoolExecutor$Worker.run(ThreadPoolExecutor.java:659) ~[tomcat-util.jar:9.0.64]
	at org.apache.tomcat.util.threads.TaskThread$WrappingRunnable.run(TaskThread.java:61) ~[tomcat-util.jar:9.0.64]
	at java.lang.Thread.run(Thread.java:834) ~[?:?]
