26-Jun-2022 10:22:55.914 INFO [main] org.apache.catalina.core.StandardServer.await A valid shutdown command was received via the shutdown port. Stopping the Server instance.
26-Jun-2022 10:22:55.919 INFO [main] org.apache.coyote.AbstractProtocol.pause Pausing ProtocolHandler ["http-nio-8080"]
26-Jun-2022 10:22:56.136 INFO [main] org.apache.catalina.core.StandardService.stopInternal Stopping service [Catalina]
26-Jun-2022 10:22:58.501 WARNING [main] org.apache.catalina.loader.WebappClassLoaderBase.clearReferencesJdbc The web application [magnoliaAuthor] registered the JDBC driver [org.h2.Driver] but failed to unregister it when the web application was stopped. To prevent a memory leak, the JDBC Driver has been forcibly unregistered.
26-Jun-2022 10:22:58.503 WARNING [main] org.apache.catalina.loader.WebappClassLoaderBase.clearReferencesThreads The web application [magnoliaAuthor] appears to have started a thread named [FileSystemWatchService] but has failed to stop it. This is very likely to create a memory leak. Stack trace of thread:
 java.base@11.0.15/sun.nio.fs.WindowsNativeDispatcher.GetQueuedCompletionStatus0(Native Method)
 java.base@11.0.15/sun.nio.fs.WindowsNativeDispatcher.GetQueuedCompletionStatus(WindowsNativeDispatcher.java:1036)
 java.base@11.0.15/sun.nio.fs.WindowsWatchService$Poller.run(WindowsWatchService.java:587)
 java.base@11.0.15/java.lang.Thread.run(Thread.java:834)
26-Jun-2022 10:22:58.503 WARNING [main] org.apache.catalina.loader.WebappClassLoaderBase.clearReferencesThreads The web application [magnoliaAuthor] appears to have started a thread named [pool-11-thread-1] but has failed to stop it. This is very likely to create a memory leak. Stack trace of thread:
 java.base@11.0.15/jdk.internal.misc.Unsafe.park(Native Method)
 java.base@11.0.15/java.util.concurrent.locks.LockSupport.park(LockSupport.java:194)
 java.base@11.0.15/java.util.concurrent.locks.AbstractQueuedSynchronizer$ConditionObject.await(AbstractQueuedSynchronizer.java:2081)
 java.base@11.0.15/java.util.concurrent.LinkedBlockingQueue.take(LinkedBlockingQueue.java:433)
 java.base@11.0.15/java.util.concurrent.ThreadPoolExecutor.getTask(ThreadPoolExecutor.java:1054)
 java.base@11.0.15/java.util.concurrent.ThreadPoolExecutor.runWorker(ThreadPoolExecutor.java:1114)
 java.base@11.0.15/java.util.concurrent.ThreadPoolExecutor$Worker.run(ThreadPoolExecutor.java:628)
 java.base@11.0.15/java.lang.Thread.run(Thread.java:834)
26-Jun-2022 10:22:58.508 SEVERE [main] org.apache.catalina.loader.WebappClassLoaderBase.checkThreadLocalMapForLeaks The web application [magnoliaAuthor] created a ThreadLocal with key of type [java.lang.ThreadLocal] (value [java.lang.ThreadLocal@3c039c77]) and a value of type [info.magnolia.context.SystemRepositoryStrategy] (value [SystemRepositoryStrategy[No creation stack trace available. Enable DEBUG logging for class info.magnolia.context.SystemRepositoryStrategy to enable it.]]) but failed to remove it when the web application was stopped. Threads are going to be renewed over time to try and avoid a probable memory leak.
26-Jun-2022 10:23:01.252 WARNING [main] org.apache.catalina.loader.WebappClassLoaderBase.clearReferencesJdbc The web application [magnoliaPublic] registered the JDBC driver [org.h2.Driver] but failed to unregister it when the web application was stopped. To prevent a memory leak, the JDBC Driver has been forcibly unregistered.
26-Jun-2022 10:23:01.252 WARNING [main] org.apache.catalina.loader.WebappClassLoaderBase.clearReferencesThreads The web application [magnoliaPublic] appears to have started a thread named [FileSystemWatchService] but has failed to stop it. This is very likely to create a memory leak. Stack trace of thread:
 java.base@11.0.15/sun.nio.fs.WindowsNativeDispatcher.GetQueuedCompletionStatus0(Native Method)
 java.base@11.0.15/sun.nio.fs.WindowsNativeDispatcher.GetQueuedCompletionStatus(WindowsNativeDispatcher.java:1036)
 java.base@11.0.15/sun.nio.fs.WindowsWatchService$Poller.run(WindowsWatchService.java:587)
 java.base@11.0.15/java.lang.Thread.run(Thread.java:834)
26-Jun-2022 10:23:01.521 INFO [main] org.apache.coyote.AbstractProtocol.stop Stopping ProtocolHandler ["http-nio-8080"]
26-Jun-2022 10:23:01.541 INFO [main] org.apache.coyote.AbstractProtocol.destroy Destroying ProtocolHandler ["http-nio-8080"]
