25-Jun-2022 01:18:39.195 INFO [main] org.apache.catalina.core.StandardServer.await A valid shutdown command was received via the shutdown port. Stopping the Server instance.
25-Jun-2022 01:18:39.214 INFO [main] org.apache.coyote.AbstractProtocol.pause Pausing ProtocolHandler ["http-nio-8080"]
25-Jun-2022 01:18:39.494 INFO [main] org.apache.catalina.core.StandardService.stopInternal Stopping service [Catalina]
25-Jun-2022 01:18:41.860 WARNING [main] org.apache.catalina.loader.WebappClassLoaderBase.clearReferencesJdbc The web application [magnoliaAuthor] registered the JDBC driver [org.h2.Driver] but failed to unregister it when the web application was stopped. To prevent a memory leak, the JDBC Driver has been forcibly unregistered.
25-Jun-2022 01:18:41.860 WARNING [main] org.apache.catalina.loader.WebappClassLoaderBase.clearReferencesThreads The web application [magnoliaAuthor] appears to have started a thread named [FileSystemWatchService] but has failed to stop it. This is very likely to create a memory leak. Stack trace of thread:
 java.base@11.0.15/sun.nio.fs.WindowsNativeDispatcher.GetQueuedCompletionStatus0(Native Method)
 java.base@11.0.15/sun.nio.fs.WindowsNativeDispatcher.GetQueuedCompletionStatus(WindowsNativeDispatcher.java:1036)
 java.base@11.0.15/sun.nio.fs.WindowsWatchService$Poller.run(WindowsWatchService.java:587)
 java.base@11.0.15/java.lang.Thread.run(Thread.java:834)
25-Jun-2022 01:18:41.860 WARNING [main] org.apache.catalina.loader.WebappClassLoaderBase.clearReferencesThreads The web application [magnoliaAuthor] appears to have started a thread named [pool-11-thread-1] but has failed to stop it. This is very likely to create a memory leak. Stack trace of thread:
 java.base@11.0.15/jdk.internal.misc.Unsafe.park(Native Method)
 java.base@11.0.15/java.util.concurrent.locks.LockSupport.park(LockSupport.java:194)
 java.base@11.0.15/java.util.concurrent.locks.AbstractQueuedSynchronizer$ConditionObject.await(AbstractQueuedSynchronizer.java:2081)
 java.base@11.0.15/java.util.concurrent.LinkedBlockingQueue.take(LinkedBlockingQueue.java:433)
 java.base@11.0.15/java.util.concurrent.ThreadPoolExecutor.getTask(ThreadPoolExecutor.java:1054)
 java.base@11.0.15/java.util.concurrent.ThreadPoolExecutor.runWorker(ThreadPoolExecutor.java:1114)
 java.base@11.0.15/java.util.concurrent.ThreadPoolExecutor$Worker.run(ThreadPoolExecutor.java:628)
 java.base@11.0.15/java.lang.Thread.run(Thread.java:834)
25-Jun-2022 01:18:41.875 WARNING [main] org.apache.catalina.loader.WebappClassLoaderBase.clearReferencesThreads The web application [magnoliaAuthor] appears to have started a thread named [pool-12-thread-1] but has failed to stop it. This is very likely to create a memory leak. Stack trace of thread:
 java.base@11.0.15/jdk.internal.misc.Unsafe.park(Native Method)
 java.base@11.0.15/java.util.concurrent.locks.LockSupport.park(LockSupport.java:194)
 java.base@11.0.15/java.util.concurrent.locks.AbstractQueuedSynchronizer$ConditionObject.await(AbstractQueuedSynchronizer.java:2081)
 java.base@11.0.15/java.util.concurrent.LinkedBlockingQueue.take(LinkedBlockingQueue.java:433)
 java.base@11.0.15/java.util.concurrent.ThreadPoolExecutor.getTask(ThreadPoolExecutor.java:1054)
 java.base@11.0.15/java.util.concurrent.ThreadPoolExecutor.runWorker(ThreadPoolExecutor.java:1114)
 java.base@11.0.15/java.util.concurrent.ThreadPoolExecutor$Worker.run(ThreadPoolExecutor.java:628)
 java.base@11.0.15/java.lang.Thread.run(Thread.java:834)
25-Jun-2022 01:18:41.883 SEVERE [main] org.apache.catalina.loader.WebappClassLoaderBase.checkThreadLocalMapForLeaks The web application [magnoliaAuthor] created a ThreadLocal with key of type [java.lang.ThreadLocal] (value [java.lang.ThreadLocal@412a7993]) and a value of type [info.magnolia.context.SystemRepositoryStrategy] (value [SystemRepositoryStrategy[No creation stack trace available. Enable DEBUG logging for class info.magnolia.context.SystemRepositoryStrategy to enable it.]]) but failed to remove it when the web application was stopped. Threads are going to be renewed over time to try and avoid a probable memory leak.
25-Jun-2022 01:18:44.167 WARNING [main] org.apache.catalina.loader.WebappClassLoaderBase.clearReferencesJdbc The web application [magnoliaPublic] registered the JDBC driver [org.h2.Driver] but failed to unregister it when the web application was stopped. To prevent a memory leak, the JDBC Driver has been forcibly unregistered.
25-Jun-2022 01:18:44.167 WARNING [main] org.apache.catalina.loader.WebappClassLoaderBase.clearReferencesThreads The web application [magnoliaPublic] appears to have started a thread named [FileSystemWatchService] but has failed to stop it. This is very likely to create a memory leak. Stack trace of thread:
 java.base@11.0.15/sun.nio.fs.WindowsNativeDispatcher.GetQueuedCompletionStatus0(Native Method)
 java.base@11.0.15/sun.nio.fs.WindowsNativeDispatcher.GetQueuedCompletionStatus(WindowsNativeDispatcher.java:1036)
 java.base@11.0.15/sun.nio.fs.WindowsWatchService$Poller.run(WindowsWatchService.java:587)
 java.base@11.0.15/java.lang.Thread.run(Thread.java:834)
25-Jun-2022 01:18:44.246 INFO [main] org.apache.coyote.AbstractProtocol.stop Stopping ProtocolHandler ["http-nio-8080"]
25-Jun-2022 01:18:44.262 INFO [main] org.apache.coyote.AbstractProtocol.destroy Destroying ProtocolHandler ["http-nio-8080"]
25-Jun-2022 12:18:04.011 INFO [main] org.apache.catalina.startup.VersionLoggerListener.log Server version name:   Apache Tomcat/9.0.64
25-Jun-2022 12:18:04.011 INFO [main] org.apache.catalina.startup.VersionLoggerListener.log Server built:          Jun 2 2022 19:08:46 UTC
25-Jun-2022 12:18:04.026 INFO [main] org.apache.catalina.startup.VersionLoggerListener.log Server version number: 9.0.64.0
25-Jun-2022 12:18:04.026 INFO [main] org.apache.catalina.startup.VersionLoggerListener.log OS Name:               Windows 11
25-Jun-2022 12:18:04.026 INFO [main] org.apache.catalina.startup.VersionLoggerListener.log OS Version:            10.0
25-Jun-2022 12:18:04.026 INFO [main] org.apache.catalina.startup.VersionLoggerListener.log Architecture:          amd64
25-Jun-2022 12:18:04.026 INFO [main] org.apache.catalina.startup.VersionLoggerListener.log Java Home:             C:\Program Files\Java\jdk-11.0.15
25-Jun-2022 12:18:04.026 INFO [main] org.apache.catalina.startup.VersionLoggerListener.log JVM Version:           11.0.15+8-LTS-149
25-Jun-2022 12:18:04.026 INFO [main] org.apache.catalina.startup.VersionLoggerListener.log JVM Vendor:            Oracle Corporation
25-Jun-2022 12:18:04.026 INFO [main] org.apache.catalina.startup.VersionLoggerListener.log CATALINA_BASE:         C:\Users\j.hurtado.de.moxo\magnolia02realheadless\apache-tomcat
25-Jun-2022 12:18:04.026 INFO [main] org.apache.catalina.startup.VersionLoggerListener.log CATALINA_HOME:         C:\Users\j.hurtado.de.moxo\magnolia02realheadless\apache-tomcat
25-Jun-2022 12:18:04.058 INFO [main] org.apache.catalina.startup.VersionLoggerListener.log Command line argument: --add-opens=java.base/java.lang=ALL-UNNAMED
25-Jun-2022 12:18:04.058 INFO [main] org.apache.catalina.startup.VersionLoggerListener.log Command line argument: --add-opens=java.base/java.io=ALL-UNNAMED
25-Jun-2022 12:18:04.058 INFO [main] org.apache.catalina.startup.VersionLoggerListener.log Command line argument: --add-opens=java.base/java.util=ALL-UNNAMED
25-Jun-2022 12:18:04.073 INFO [main] org.apache.catalina.startup.VersionLoggerListener.log Command line argument: --add-opens=java.base/java.util.concurrent=ALL-UNNAMED
25-Jun-2022 12:18:04.073 INFO [main] org.apache.catalina.startup.VersionLoggerListener.log Command line argument: --add-opens=java.rmi/sun.rmi.transport=ALL-UNNAMED
25-Jun-2022 12:18:04.073 INFO [main] org.apache.catalina.startup.VersionLoggerListener.log Command line argument: -Djava.util.logging.config.file=C:\Users\j.hurtado.de.moxo\magnolia02realheadless\apache-tomcat\conf\logging.properties
25-Jun-2022 12:18:04.089 INFO [main] org.apache.catalina.startup.VersionLoggerListener.log Command line argument: -Djava.util.logging.manager=org.apache.juli.ClassLoaderLogManager
25-Jun-2022 12:18:04.089 INFO [main] org.apache.catalina.startup.VersionLoggerListener.log Command line argument: -Djdk.tls.ephemeralDHKeySize=2048
25-Jun-2022 12:18:04.121 INFO [main] org.apache.catalina.startup.VersionLoggerListener.log Command line argument: -Djava.protocol.handler.pkgs=org.apache.catalina.webresources
25-Jun-2022 12:18:04.121 INFO [main] org.apache.catalina.startup.VersionLoggerListener.log Command line argument: -Xms64M
25-Jun-2022 12:18:04.152 INFO [main] org.apache.catalina.startup.VersionLoggerListener.log Command line argument: -Xmx2048M
25-Jun-2022 12:18:04.167 INFO [main] org.apache.catalina.startup.VersionLoggerListener.log Command line argument: -Djava.awt.headless=true
25-Jun-2022 12:18:04.184 INFO [main] org.apache.catalina.startup.VersionLoggerListener.log Command line argument: -Dignore.endorsed.dirs=
25-Jun-2022 12:18:04.199 INFO [main] org.apache.catalina.startup.VersionLoggerListener.log Command line argument: -Dcatalina.base=C:\Users\j.hurtado.de.moxo\magnolia02realheadless\apache-tomcat
25-Jun-2022 12:18:04.199 INFO [main] org.apache.catalina.startup.VersionLoggerListener.log Command line argument: -Dcatalina.home=C:\Users\j.hurtado.de.moxo\magnolia02realheadless\apache-tomcat
25-Jun-2022 12:18:04.215 INFO [main] org.apache.catalina.startup.VersionLoggerListener.log Command line argument: -Djava.io.tmpdir=C:\Users\j.hurtado.de.moxo\magnolia02realheadless\apache-tomcat\temp
25-Jun-2022 12:18:04.280 INFO [main] org.apache.catalina.core.AprLifecycleListener.lifecycleEvent The Apache Tomcat Native library which allows using OpenSSL was not found on the java.library.path: [C:\Program Files\Java\jdk-11.0.15\bin;C:\windows\Sun\Java\bin;C:\windows\system32;C:\windows;C:\Program Files\Common Files\Oracle\Java\javapath;C:\windows\system32;C:\windows;C:\windows\System32\Wbem;C:\windows\System32\WindowsPowerShell\v1.0\;C:\windows\System32\OpenSSH\;C:\Program Files (x86)\Pulse Secure\VC142.CRT\X64\;C:\Program Files (x86)\Pulse Secure\VC142.CRT\X86\;C:\Program Files (x86)\Common Files\Pulse Secure\VC142.CRT\X64\;C:\Program Files (x86)\Common Files\Pulse Secure\VC142.CRT\X86\;C:\Program Files\Java\jdk-11.0.15;C:\Program Files\nodejs\;C:\Program Files\Java\jdk-11.0.15;C:\Users\j.hurtado.de.moxo\AppData\Local\Microsoft\WindowsApps;C:\Users\j.hurtado.de.moxo\AppData\Roaming\npm;C:\Users\j.hurtado.de.moxo\AppData\Local\Programs\Microsoft VS Code\bin;C:\Users\j.hurtado.de.moxo\AppData\Local\Programs\Git\cmd;.]
25-Jun-2022 12:18:05.282 INFO [main] org.apache.coyote.AbstractProtocol.init Initializing ProtocolHandler ["http-nio-8080"]
25-Jun-2022 12:18:05.371 INFO [main] org.apache.catalina.startup.Catalina.load Server initialization in [2063] milliseconds
25-Jun-2022 12:18:05.512 INFO [main] org.apache.catalina.core.StandardService.startInternal Starting service [Catalina]
25-Jun-2022 12:18:05.512 INFO [main] org.apache.catalina.core.StandardEngine.startInternal Starting Servlet engine: [Apache Tomcat/9.0.64]
25-Jun-2022 12:18:05.544 INFO [main] org.apache.catalina.startup.HostConfig.deployDirectory Deploying web application directory [C:\Users\j.hurtado.de.moxo\magnolia02realheadless\apache-tomcat\webapps\magnoliaAuthor]
25-Jun-2022 12:20:06.803 WARNING [main] org.apache.catalina.util.SessionIdGeneratorBase.createSecureRandom Creation of SecureRandom instance for session ID generation using [SHA1PRNG] took [330] milliseconds.
25-Jun-2022 12:20:09.502 INFO [main] org.atmosphere.cpr.AtmosphereFramework.addAtmosphereHandler Installed AtmosphereHandler com.vaadin.server.communication.PushAtmosphereHandler mapped to context-path: /*
25-Jun-2022 12:20:09.502 INFO [main] org.atmosphere.cpr.AtmosphereFramework.addAtmosphereHandler Installed the following AtmosphereInterceptor mapped to AtmosphereHandler com.vaadin.server.communication.PushAtmosphereHandler
25-Jun-2022 12:20:09.659 INFO [main] org.atmosphere.cpr.AtmosphereFramework.autoConfigureService Atmosphere is using org.atmosphere.util.VoidAnnotationProcessor for processing annotation
25-Jun-2022 12:20:09.706 INFO [main] org.atmosphere.util.ForkJoinPool.<init> Using ForkJoinPool  java.util.concurrent.ForkJoinPool. Set the org.atmosphere.cpr.broadcaster.maxAsyncWriteThreads to -1 to fully use its power.
25-Jun-2022 12:20:09.721 INFO [main] org.atmosphere.cpr.AtmosphereFramework.initWebSocket Installed WebSocketProtocol org.atmosphere.websocket.protocol.SimpleHttpProtocol 
25-Jun-2022 12:20:09.784 INFO [main] org.atmosphere.cpr.AtmosphereFramework.configureAtmosphereInterceptor Installing Default AtmosphereInterceptors
25-Jun-2022 12:20:09.784 INFO [main] org.atmosphere.cpr.AtmosphereFramework.newAInterceptor 	org.atmosphere.interceptor.CorsInterceptor : CORS Interceptor Support
25-Jun-2022 12:20:09.784 INFO [main] org.atmosphere.cpr.AtmosphereFramework.newAInterceptor 	org.atmosphere.interceptor.CacheHeadersInterceptor : Default Response's Headers Interceptor
25-Jun-2022 12:20:09.784 INFO [main] org.atmosphere.cpr.AtmosphereFramework.newAInterceptor 	org.atmosphere.interceptor.PaddingAtmosphereInterceptor : Browser Padding Interceptor Support
25-Jun-2022 12:20:09.784 INFO [main] org.atmosphere.cpr.AtmosphereFramework.newAInterceptor 	org.atmosphere.interceptor.AndroidAtmosphereInterceptor : Android Interceptor Support
25-Jun-2022 12:20:09.800 INFO [main] org.atmosphere.cpr.AtmosphereFramework.newAInterceptor 	org.atmosphere.interceptor.HeartbeatInterceptor : Heartbeat Interceptor Support
25-Jun-2022 12:20:09.800 INFO [main] org.atmosphere.cpr.AtmosphereFramework.newAInterceptor 	org.atmosphere.interceptor.SSEAtmosphereInterceptor : SSE Interceptor Support
25-Jun-2022 12:20:09.800 INFO [main] org.atmosphere.cpr.AtmosphereFramework.newAInterceptor 	org.atmosphere.interceptor.JSONPAtmosphereInterceptor : JSONP Interceptor Support
25-Jun-2022 12:20:09.816 INFO [main] org.atmosphere.cpr.AtmosphereFramework.newAInterceptor 	org.atmosphere.interceptor.JavaScriptProtocol : Atmosphere JavaScript Protocol
25-Jun-2022 12:20:09.816 INFO [main] org.atmosphere.cpr.AtmosphereFramework.newAInterceptor 	org.atmosphere.interceptor.WebSocketMessageSuspendInterceptor : org.atmosphere.interceptor.WebSocketMessageSuspendInterceptor
25-Jun-2022 12:20:09.816 INFO [main] org.atmosphere.cpr.AtmosphereFramework.newAInterceptor 	org.atmosphere.interceptor.OnDisconnectInterceptor : Browser disconnection detection
25-Jun-2022 12:20:09.816 INFO [main] org.atmosphere.cpr.AtmosphereFramework.newAInterceptor 	org.atmosphere.interceptor.IdleResourceInterceptor : org.atmosphere.interceptor.IdleResourceInterceptor
25-Jun-2022 12:20:09.816 INFO [main] org.atmosphere.cpr.AtmosphereFramework.configureAtmosphereInterceptor Set org.atmosphere.cpr.AtmosphereInterceptor.disableDefaults to disable them.
25-Jun-2022 12:20:09.816 INFO [main] org.atmosphere.cpr.AtmosphereFramework.addInterceptorToAllWrappers Installed AtmosphereInterceptor CORS Interceptor Support with priority FIRST_BEFORE_DEFAULT 
25-Jun-2022 12:20:09.831 INFO [main] org.atmosphere.cpr.AtmosphereFramework.addInterceptorToAllWrappers Installed AtmosphereInterceptor Default Response's Headers Interceptor with priority AFTER_DEFAULT 
25-Jun-2022 12:20:09.831 INFO [main] org.atmosphere.cpr.AtmosphereFramework.addInterceptorToAllWrappers Installed AtmosphereInterceptor Browser Padding Interceptor Support with priority AFTER_DEFAULT 
25-Jun-2022 12:20:09.831 INFO [main] org.atmosphere.cpr.AtmosphereFramework.addInterceptorToAllWrappers Installed AtmosphereInterceptor Android Interceptor Support with priority AFTER_DEFAULT 
25-Jun-2022 12:20:09.838 INFO [main] org.atmosphere.interceptor.HeartbeatInterceptor.configure HeartbeatInterceptor configured with padding value 'X', client frequency 60 seconds and server frequency 0 seconds
25-Jun-2022 12:20:09.838 INFO [main] org.atmosphere.cpr.AtmosphereFramework.addInterceptorToAllWrappers Installed AtmosphereInterceptor Heartbeat Interceptor Support with priority AFTER_DEFAULT 
25-Jun-2022 12:20:09.838 INFO [main] org.atmosphere.cpr.AtmosphereFramework.addInterceptorToAllWrappers Installed AtmosphereInterceptor SSE Interceptor Support with priority AFTER_DEFAULT 
25-Jun-2022 12:20:09.838 INFO [main] org.atmosphere.cpr.AtmosphereFramework.addInterceptorToAllWrappers Installed AtmosphereInterceptor JSONP Interceptor Support with priority AFTER_DEFAULT 
25-Jun-2022 12:20:09.838 INFO [main] org.atmosphere.cpr.AtmosphereFramework.addInterceptorToAllWrappers Installed AtmosphereInterceptor Atmosphere JavaScript Protocol with priority AFTER_DEFAULT 
25-Jun-2022 12:20:09.847 INFO [main] org.atmosphere.cpr.AtmosphereFramework.addInterceptorToAllWrappers Installed AtmosphereInterceptor org.atmosphere.interceptor.WebSocketMessageSuspendInterceptor with priority AFTER_DEFAULT 
25-Jun-2022 12:20:09.847 INFO [main] org.atmosphere.cpr.AtmosphereFramework.addInterceptorToAllWrappers Installed AtmosphereInterceptor Browser disconnection detection with priority AFTER_DEFAULT 
25-Jun-2022 12:20:09.847 INFO [main] org.atmosphere.cpr.AtmosphereFramework.addInterceptorToAllWrappers Installed AtmosphereInterceptor org.atmosphere.interceptor.IdleResourceInterceptor with priority BEFORE_DEFAULT 
25-Jun-2022 12:20:09.847 INFO [main] org.atmosphere.cpr.AtmosphereFramework.info Using EndpointMapper class org.atmosphere.util.DefaultEndpointMapper
25-Jun-2022 12:20:09.847 INFO [main] org.atmosphere.cpr.AtmosphereFramework.info Using BroadcasterCache: org.atmosphere.cache.UUIDBroadcasterCache
25-Jun-2022 12:20:09.847 INFO [main] org.atmosphere.cpr.AtmosphereFramework.info Default Broadcaster Class: org.atmosphere.cpr.DefaultBroadcaster
25-Jun-2022 12:20:09.863 INFO [main] org.atmosphere.cpr.AtmosphereFramework.info Broadcaster Shared List Resources: false
25-Jun-2022 12:20:09.863 INFO [main] org.atmosphere.cpr.AtmosphereFramework.info Broadcaster Polling Wait Time 100
25-Jun-2022 12:20:09.863 INFO [main] org.atmosphere.cpr.AtmosphereFramework.info Shared ExecutorService supported: true
25-Jun-2022 12:20:09.863 INFO [main] org.atmosphere.cpr.AtmosphereFramework.info Messaging ExecutorService Pool Size unavailable - Not instance of ThreadPoolExecutor
25-Jun-2022 12:20:09.863 INFO [main] org.atmosphere.cpr.AtmosphereFramework.info Async I/O Thread Pool Size: 200
25-Jun-2022 12:20:09.863 INFO [main] org.atmosphere.cpr.AtmosphereFramework.info Using BroadcasterFactory: org.atmosphere.cpr.DefaultBroadcasterFactory
25-Jun-2022 12:20:09.863 INFO [main] org.atmosphere.cpr.AtmosphereFramework.info Using AtmosphereResurceFactory: org.atmosphere.cpr.DefaultAtmosphereResourceFactory
25-Jun-2022 12:20:09.879 INFO [main] org.atmosphere.cpr.AtmosphereFramework.info Using WebSocketProcessor: org.atmosphere.websocket.DefaultWebSocketProcessor
25-Jun-2022 12:20:09.894 INFO [main] org.atmosphere.cpr.AtmosphereFramework.info Invoke AtmosphereInterceptor on WebSocket message true
25-Jun-2022 12:20:09.894 INFO [main] org.atmosphere.cpr.AtmosphereFramework.info HttpSession supported: true
25-Jun-2022 12:20:09.894 INFO [main] org.atmosphere.cpr.AtmosphereFramework.info Atmosphere is using org.atmosphere.inject.InjectableObjectFactory for dependency injection and object creation
25-Jun-2022 12:20:09.894 INFO [main] org.atmosphere.cpr.AtmosphereFramework.info Atmosphere is using async support: org.atmosphere.container.Servlet30CometSupport running under container: Apache Tomcat/9.0.64 using javax.servlet/3.0
25-Jun-2022 12:20:09.894 INFO [main] org.atmosphere.cpr.AtmosphereFramework.info Atmosphere Framework 2.4.30.vaadin4 started.
25-Jun-2022 12:20:09.910 INFO [main] org.atmosphere.cpr.AtmosphereFramework.addInterceptorToAllWrappers Installed AtmosphereInterceptor  Track Message Size Interceptor using | with priority BEFORE_DEFAULT 
25-Jun-2022 12:20:11.149 INFO [main] org.atmosphere.cpr.AtmosphereFramework.addAtmosphereHandler Installed AtmosphereHandler com.vaadin.server.communication.PushAtmosphereHandler mapped to context-path: /*
25-Jun-2022 12:20:11.149 INFO [main] org.atmosphere.cpr.AtmosphereFramework.addAtmosphereHandler Installed the following AtmosphereInterceptor mapped to AtmosphereHandler com.vaadin.server.communication.PushAtmosphereHandler
25-Jun-2022 12:20:11.212 INFO [main] org.atmosphere.cpr.AtmosphereFramework.autoConfigureService Atmosphere is using org.atmosphere.util.VoidAnnotationProcessor for processing annotation
25-Jun-2022 12:20:11.228 INFO [main] org.atmosphere.util.ForkJoinPool.<init> Using ForkJoinPool  java.util.concurrent.ForkJoinPool. Set the org.atmosphere.cpr.broadcaster.maxAsyncWriteThreads to -1 to fully use its power.
25-Jun-2022 12:20:11.228 INFO [main] org.atmosphere.cpr.AtmosphereFramework.initWebSocket Installed WebSocketProtocol org.atmosphere.websocket.protocol.SimpleHttpProtocol 
25-Jun-2022 12:20:11.291 INFO [main] org.atmosphere.cpr.AtmosphereFramework.configureAtmosphereInterceptor Installing Default AtmosphereInterceptors
25-Jun-2022 12:20:11.291 INFO [main] org.atmosphere.cpr.AtmosphereFramework.newAInterceptor 	org.atmosphere.interceptor.CorsInterceptor : CORS Interceptor Support
25-Jun-2022 12:20:11.291 INFO [main] org.atmosphere.cpr.AtmosphereFramework.newAInterceptor 	org.atmosphere.interceptor.CacheHeadersInterceptor : Default Response's Headers Interceptor
25-Jun-2022 12:20:11.306 INFO [main] org.atmosphere.cpr.AtmosphereFramework.newAInterceptor 	org.atmosphere.interceptor.PaddingAtmosphereInterceptor : Browser Padding Interceptor Support
25-Jun-2022 12:20:11.306 INFO [main] org.atmosphere.cpr.AtmosphereFramework.newAInterceptor 	org.atmosphere.interceptor.AndroidAtmosphereInterceptor : Android Interceptor Support
25-Jun-2022 12:20:11.306 INFO [main] org.atmosphere.cpr.AtmosphereFramework.newAInterceptor 	org.atmosphere.interceptor.HeartbeatInterceptor : Heartbeat Interceptor Support
25-Jun-2022 12:20:11.306 INFO [main] org.atmosphere.cpr.AtmosphereFramework.newAInterceptor 	org.atmosphere.interceptor.SSEAtmosphereInterceptor : SSE Interceptor Support
25-Jun-2022 12:20:11.306 INFO [main] org.atmosphere.cpr.AtmosphereFramework.newAInterceptor 	org.atmosphere.interceptor.JSONPAtmosphereInterceptor : JSONP Interceptor Support
25-Jun-2022 12:20:11.306 INFO [main] org.atmosphere.cpr.AtmosphereFramework.newAInterceptor 	org.atmosphere.interceptor.JavaScriptProtocol : Atmosphere JavaScript Protocol
25-Jun-2022 12:20:11.306 INFO [main] org.atmosphere.cpr.AtmosphereFramework.newAInterceptor 	org.atmosphere.interceptor.WebSocketMessageSuspendInterceptor : org.atmosphere.interceptor.WebSocketMessageSuspendInterceptor
25-Jun-2022 12:20:11.306 INFO [main] org.atmosphere.cpr.AtmosphereFramework.newAInterceptor 	org.atmosphere.interceptor.OnDisconnectInterceptor : Browser disconnection detection
25-Jun-2022 12:20:11.306 INFO [main] org.atmosphere.cpr.AtmosphereFramework.newAInterceptor 	org.atmosphere.interceptor.IdleResourceInterceptor : org.atmosphere.interceptor.IdleResourceInterceptor
25-Jun-2022 12:20:11.306 INFO [main] org.atmosphere.cpr.AtmosphereFramework.configureAtmosphereInterceptor Set org.atmosphere.cpr.AtmosphereInterceptor.disableDefaults to disable them.
25-Jun-2022 12:20:11.322 INFO [main] org.atmosphere.cpr.AtmosphereFramework.addInterceptorToAllWrappers Installed AtmosphereInterceptor CORS Interceptor Support with priority FIRST_BEFORE_DEFAULT 
25-Jun-2022 12:20:11.322 INFO [main] org.atmosphere.cpr.AtmosphereFramework.addInterceptorToAllWrappers Installed AtmosphereInterceptor Default Response's Headers Interceptor with priority AFTER_DEFAULT 
25-Jun-2022 12:20:11.322 INFO [main] org.atmosphere.cpr.AtmosphereFramework.addInterceptorToAllWrappers Installed AtmosphereInterceptor Browser Padding Interceptor Support with priority AFTER_DEFAULT 
25-Jun-2022 12:20:11.322 INFO [main] org.atmosphere.cpr.AtmosphereFramework.addInterceptorToAllWrappers Installed AtmosphereInterceptor Android Interceptor Support with priority AFTER_DEFAULT 
25-Jun-2022 12:20:11.322 INFO [main] org.atmosphere.interceptor.HeartbeatInterceptor.configure HeartbeatInterceptor configured with padding value 'X', client frequency 60 seconds and server frequency 0 seconds
25-Jun-2022 12:20:11.322 INFO [main] org.atmosphere.cpr.AtmosphereFramework.addInterceptorToAllWrappers Installed AtmosphereInterceptor Heartbeat Interceptor Support with priority AFTER_DEFAULT 
25-Jun-2022 12:20:11.322 INFO [main] org.atmosphere.cpr.AtmosphereFramework.addInterceptorToAllWrappers Installed AtmosphereInterceptor SSE Interceptor Support with priority AFTER_DEFAULT 
25-Jun-2022 12:20:11.322 INFO [main] org.atmosphere.cpr.AtmosphereFramework.addInterceptorToAllWrappers Installed AtmosphereInterceptor JSONP Interceptor Support with priority AFTER_DEFAULT 
25-Jun-2022 12:20:11.337 INFO [main] org.atmosphere.cpr.AtmosphereFramework.addInterceptorToAllWrappers Installed AtmosphereInterceptor Atmosphere JavaScript Protocol with priority AFTER_DEFAULT 
25-Jun-2022 12:20:11.342 INFO [main] org.atmosphere.cpr.AtmosphereFramework.addInterceptorToAllWrappers Installed AtmosphereInterceptor org.atmosphere.interceptor.WebSocketMessageSuspendInterceptor with priority AFTER_DEFAULT 
25-Jun-2022 12:20:11.342 INFO [main] org.atmosphere.cpr.AtmosphereFramework.addInterceptorToAllWrappers Installed AtmosphereInterceptor Browser disconnection detection with priority AFTER_DEFAULT 
25-Jun-2022 12:20:11.342 INFO [main] org.atmosphere.cpr.AtmosphereFramework.addInterceptorToAllWrappers Installed AtmosphereInterceptor org.atmosphere.interceptor.IdleResourceInterceptor with priority BEFORE_DEFAULT 
25-Jun-2022 12:20:11.342 INFO [main] org.atmosphere.cpr.AtmosphereFramework.info Using EndpointMapper class org.atmosphere.util.DefaultEndpointMapper
25-Jun-2022 12:20:11.342 INFO [main] org.atmosphere.cpr.AtmosphereFramework.info Using BroadcasterCache: org.atmosphere.cache.UUIDBroadcasterCache
25-Jun-2022 12:20:11.342 INFO [main] org.atmosphere.cpr.AtmosphereFramework.info Default Broadcaster Class: org.atmosphere.cpr.DefaultBroadcaster
25-Jun-2022 12:20:11.342 INFO [main] org.atmosphere.cpr.AtmosphereFramework.info Broadcaster Shared List Resources: false
25-Jun-2022 12:20:11.354 INFO [main] org.atmosphere.cpr.AtmosphereFramework.info Broadcaster Polling Wait Time 100
25-Jun-2022 12:20:11.354 INFO [main] org.atmosphere.cpr.AtmosphereFramework.info Shared ExecutorService supported: true
25-Jun-2022 12:20:11.354 INFO [main] org.atmosphere.cpr.AtmosphereFramework.info Messaging ExecutorService Pool Size unavailable - Not instance of ThreadPoolExecutor
25-Jun-2022 12:20:11.354 INFO [main] org.atmosphere.cpr.AtmosphereFramework.info Async I/O Thread Pool Size: 200
25-Jun-2022 12:20:11.354 INFO [main] org.atmosphere.cpr.AtmosphereFramework.info Using BroadcasterFactory: org.atmosphere.cpr.DefaultBroadcasterFactory
25-Jun-2022 12:20:11.354 INFO [main] org.atmosphere.cpr.AtmosphereFramework.info Using AtmosphereResurceFactory: org.atmosphere.cpr.DefaultAtmosphereResourceFactory
25-Jun-2022 12:20:11.354 INFO [main] org.atmosphere.cpr.AtmosphereFramework.info Using WebSocketProcessor: org.atmosphere.websocket.DefaultWebSocketProcessor
25-Jun-2022 12:20:11.354 INFO [main] org.atmosphere.cpr.AtmosphereFramework.info Invoke AtmosphereInterceptor on WebSocket message true
25-Jun-2022 12:20:11.354 INFO [main] org.atmosphere.cpr.AtmosphereFramework.info HttpSession supported: true
25-Jun-2022 12:20:11.354 INFO [main] org.atmosphere.cpr.AtmosphereFramework.info Atmosphere is using org.atmosphere.inject.InjectableObjectFactory for dependency injection and object creation
25-Jun-2022 12:20:11.354 INFO [main] org.atmosphere.cpr.AtmosphereFramework.info Atmosphere is using async support: org.atmosphere.container.Servlet30CometSupport running under container: Apache Tomcat/9.0.64 using javax.servlet/3.0
25-Jun-2022 12:20:11.369 INFO [main] org.atmosphere.cpr.AtmosphereFramework.info Atmosphere Framework 2.4.30.vaadin4 started.
25-Jun-2022 12:20:11.369 INFO [main] org.atmosphere.cpr.AtmosphereFramework.addInterceptorToAllWrappers Installed AtmosphereInterceptor  Track Message Size Interceptor using | with priority BEFORE_DEFAULT 
25-Jun-2022 12:20:11.385 INFO [main] org.atmosphere.cpr.AtmosphereFramework.addAtmosphereHandler Installed AtmosphereHandler com.vaadin.server.communication.PushAtmosphereHandler mapped to context-path: /*
25-Jun-2022 12:20:11.385 INFO [main] org.atmosphere.cpr.AtmosphereFramework.addAtmosphereHandler Installed the following AtmosphereInterceptor mapped to AtmosphereHandler com.vaadin.server.communication.PushAtmosphereHandler
25-Jun-2022 12:20:11.400 INFO [main] org.atmosphere.cpr.AtmosphereFramework.autoConfigureService Atmosphere is using org.atmosphere.util.VoidAnnotationProcessor for processing annotation
25-Jun-2022 12:20:11.416 INFO [main] org.atmosphere.util.ForkJoinPool.<init> Using ForkJoinPool  java.util.concurrent.ForkJoinPool. Set the org.atmosphere.cpr.broadcaster.maxAsyncWriteThreads to -1 to fully use its power.
25-Jun-2022 12:20:11.448 INFO [main] org.atmosphere.cpr.AtmosphereFramework.initWebSocket Installed WebSocketProtocol org.atmosphere.websocket.protocol.SimpleHttpProtocol 
25-Jun-2022 12:20:11.479 INFO [main] org.atmosphere.cpr.AtmosphereFramework.configureAtmosphereInterceptor Installing Default AtmosphereInterceptors
25-Jun-2022 12:20:11.479 INFO [main] org.atmosphere.cpr.AtmosphereFramework.newAInterceptor 	org.atmosphere.interceptor.CorsInterceptor : CORS Interceptor Support
25-Jun-2022 12:20:11.495 INFO [main] org.atmosphere.cpr.AtmosphereFramework.newAInterceptor 	org.atmosphere.interceptor.CacheHeadersInterceptor : Default Response's Headers Interceptor
25-Jun-2022 12:20:11.495 INFO [main] org.atmosphere.cpr.AtmosphereFramework.newAInterceptor 	org.atmosphere.interceptor.PaddingAtmosphereInterceptor : Browser Padding Interceptor Support
25-Jun-2022 12:20:11.495 INFO [main] org.atmosphere.cpr.AtmosphereFramework.newAInterceptor 	org.atmosphere.interceptor.AndroidAtmosphereInterceptor : Android Interceptor Support
25-Jun-2022 12:20:11.495 INFO [main] org.atmosphere.cpr.AtmosphereFramework.newAInterceptor 	org.atmosphere.interceptor.HeartbeatInterceptor : Heartbeat Interceptor Support
25-Jun-2022 12:20:11.495 INFO [main] org.atmosphere.cpr.AtmosphereFramework.newAInterceptor 	org.atmosphere.interceptor.SSEAtmosphereInterceptor : SSE Interceptor Support
25-Jun-2022 12:20:11.495 INFO [main] org.atmosphere.cpr.AtmosphereFramework.newAInterceptor 	org.atmosphere.interceptor.JSONPAtmosphereInterceptor : JSONP Interceptor Support
25-Jun-2022 12:20:11.495 INFO [main] org.atmosphere.cpr.AtmosphereFramework.newAInterceptor 	org.atmosphere.interceptor.JavaScriptProtocol : Atmosphere JavaScript Protocol
25-Jun-2022 12:20:11.510 INFO [main] org.atmosphere.cpr.AtmosphereFramework.newAInterceptor 	org.atmosphere.interceptor.WebSocketMessageSuspendInterceptor : org.atmosphere.interceptor.WebSocketMessageSuspendInterceptor
25-Jun-2022 12:20:11.510 INFO [main] org.atmosphere.cpr.AtmosphereFramework.newAInterceptor 	org.atmosphere.interceptor.OnDisconnectInterceptor : Browser disconnection detection
25-Jun-2022 12:20:11.510 INFO [main] org.atmosphere.cpr.AtmosphereFramework.newAInterceptor 	org.atmosphere.interceptor.IdleResourceInterceptor : org.atmosphere.interceptor.IdleResourceInterceptor
25-Jun-2022 12:20:11.510 INFO [main] org.atmosphere.cpr.AtmosphereFramework.configureAtmosphereInterceptor Set org.atmosphere.cpr.AtmosphereInterceptor.disableDefaults to disable them.
25-Jun-2022 12:20:11.510 INFO [main] org.atmosphere.cpr.AtmosphereFramework.addInterceptorToAllWrappers Installed AtmosphereInterceptor CORS Interceptor Support with priority FIRST_BEFORE_DEFAULT 
25-Jun-2022 12:20:11.510 INFO [main] org.atmosphere.cpr.AtmosphereFramework.addInterceptorToAllWrappers Installed AtmosphereInterceptor Default Response's Headers Interceptor with priority AFTER_DEFAULT 
25-Jun-2022 12:20:11.526 INFO [main] org.atmosphere.cpr.AtmosphereFramework.addInterceptorToAllWrappers Installed AtmosphereInterceptor Browser Padding Interceptor Support with priority AFTER_DEFAULT 
25-Jun-2022 12:20:11.526 INFO [main] org.atmosphere.cpr.AtmosphereFramework.addInterceptorToAllWrappers Installed AtmosphereInterceptor Android Interceptor Support with priority AFTER_DEFAULT 
25-Jun-2022 12:20:11.526 INFO [main] org.atmosphere.interceptor.HeartbeatInterceptor.configure HeartbeatInterceptor configured with padding value 'X', client frequency 60 seconds and server frequency 0 seconds
25-Jun-2022 12:20:11.526 INFO [main] org.atmosphere.cpr.AtmosphereFramework.addInterceptorToAllWrappers Installed AtmosphereInterceptor Heartbeat Interceptor Support with priority AFTER_DEFAULT 
25-Jun-2022 12:20:11.526 INFO [main] org.atmosphere.cpr.AtmosphereFramework.addInterceptorToAllWrappers Installed AtmosphereInterceptor SSE Interceptor Support with priority AFTER_DEFAULT 
25-Jun-2022 12:20:11.526 INFO [main] org.atmosphere.cpr.AtmosphereFramework.addInterceptorToAllWrappers Installed AtmosphereInterceptor JSONP Interceptor Support with priority AFTER_DEFAULT 
25-Jun-2022 12:20:11.526 INFO [main] org.atmosphere.cpr.AtmosphereFramework.addInterceptorToAllWrappers Installed AtmosphereInterceptor Atmosphere JavaScript Protocol with priority AFTER_DEFAULT 
25-Jun-2022 12:20:11.543 INFO [main] org.atmosphere.cpr.AtmosphereFramework.addInterceptorToAllWrappers Installed AtmosphereInterceptor org.atmosphere.interceptor.WebSocketMessageSuspendInterceptor with priority AFTER_DEFAULT 
25-Jun-2022 12:20:11.543 INFO [main] org.atmosphere.cpr.AtmosphereFramework.addInterceptorToAllWrappers Installed AtmosphereInterceptor Browser disconnection detection with priority AFTER_DEFAULT 
25-Jun-2022 12:20:11.543 INFO [main] org.atmosphere.cpr.AtmosphereFramework.addInterceptorToAllWrappers Installed AtmosphereInterceptor org.atmosphere.interceptor.IdleResourceInterceptor with priority BEFORE_DEFAULT 
25-Jun-2022 12:20:11.543 INFO [main] org.atmosphere.cpr.AtmosphereFramework.info Using EndpointMapper class org.atmosphere.util.DefaultEndpointMapper
25-Jun-2022 12:20:11.543 INFO [main] org.atmosphere.cpr.AtmosphereFramework.info Using BroadcasterCache: org.atmosphere.cache.UUIDBroadcasterCache
25-Jun-2022 12:20:11.543 INFO [main] org.atmosphere.cpr.AtmosphereFramework.info Default Broadcaster Class: org.atmosphere.cpr.DefaultBroadcaster
25-Jun-2022 12:20:11.558 INFO [main] org.atmosphere.cpr.AtmosphereFramework.info Broadcaster Shared List Resources: false
25-Jun-2022 12:20:11.558 INFO [main] org.atmosphere.cpr.AtmosphereFramework.info Broadcaster Polling Wait Time 100
25-Jun-2022 12:20:11.558 INFO [main] org.atmosphere.cpr.AtmosphereFramework.info Shared ExecutorService supported: true
25-Jun-2022 12:20:11.558 INFO [main] org.atmosphere.cpr.AtmosphereFramework.info Messaging ExecutorService Pool Size unavailable - Not instance of ThreadPoolExecutor
25-Jun-2022 12:20:11.558 INFO [main] org.atmosphere.cpr.AtmosphereFramework.info Async I/O Thread Pool Size: 200
25-Jun-2022 12:20:11.558 INFO [main] org.atmosphere.cpr.AtmosphereFramework.info Using BroadcasterFactory: org.atmosphere.cpr.DefaultBroadcasterFactory
25-Jun-2022 12:20:11.558 INFO [main] org.atmosphere.cpr.AtmosphereFramework.info Using AtmosphereResurceFactory: org.atmosphere.cpr.DefaultAtmosphereResourceFactory
25-Jun-2022 12:20:11.558 INFO [main] org.atmosphere.cpr.AtmosphereFramework.info Using WebSocketProcessor: org.atmosphere.websocket.DefaultWebSocketProcessor
25-Jun-2022 12:20:11.573 INFO [main] org.atmosphere.cpr.AtmosphereFramework.info Invoke AtmosphereInterceptor on WebSocket message true
25-Jun-2022 12:20:11.573 INFO [main] org.atmosphere.cpr.AtmosphereFramework.info HttpSession supported: true
25-Jun-2022 12:20:11.573 INFO [main] org.atmosphere.cpr.AtmosphereFramework.info Atmosphere is using org.atmosphere.inject.InjectableObjectFactory for dependency injection and object creation
25-Jun-2022 12:20:11.573 INFO [main] org.atmosphere.cpr.AtmosphereFramework.info Atmosphere is using async support: org.atmosphere.container.Servlet30CometSupport running under container: Apache Tomcat/9.0.64 using javax.servlet/3.0
25-Jun-2022 12:20:11.573 INFO [main] org.atmosphere.cpr.AtmosphereFramework.info Atmosphere Framework 2.4.30.vaadin4 started.
25-Jun-2022 12:20:11.589 INFO [main] org.atmosphere.cpr.AtmosphereFramework.addInterceptorToAllWrappers Installed AtmosphereInterceptor  Track Message Size Interceptor using | with priority BEFORE_DEFAULT 
25-Jun-2022 12:20:11.667 INFO [main] org.apache.catalina.startup.HostConfig.deployDirectory Deployment of web application directory [C:\Users\j.hurtado.de.moxo\magnolia02realheadless\apache-tomcat\webapps\magnoliaAuthor] has finished in [126,108] ms
25-Jun-2022 12:20:11.667 INFO [main] org.apache.catalina.startup.HostConfig.deployDirectory Deploying web application directory [C:\Users\j.hurtado.de.moxo\magnolia02realheadless\apache-tomcat\webapps\magnoliaPublic]
25-Jun-2022 12:21:44.251 INFO [main] org.atmosphere.cpr.AtmosphereFramework.addAtmosphereHandler Installed AtmosphereHandler com.vaadin.server.communication.PushAtmosphereHandler mapped to context-path: /*
25-Jun-2022 12:21:44.251 INFO [main] org.atmosphere.cpr.AtmosphereFramework.addAtmosphereHandler Installed the following AtmosphereInterceptor mapped to AtmosphereHandler com.vaadin.server.communication.PushAtmosphereHandler
25-Jun-2022 12:21:44.414 INFO [main] org.atmosphere.cpr.AtmosphereFramework.autoConfigureService Atmosphere is using org.atmosphere.util.VoidAnnotationProcessor for processing annotation
25-Jun-2022 12:21:44.451 INFO [main] org.atmosphere.util.ForkJoinPool.<init> Using ForkJoinPool  java.util.concurrent.ForkJoinPool. Set the org.atmosphere.cpr.broadcaster.maxAsyncWriteThreads to -1 to fully use its power.
25-Jun-2022 12:21:44.461 INFO [main] org.atmosphere.cpr.AtmosphereFramework.initWebSocket Installed WebSocketProtocol org.atmosphere.websocket.protocol.SimpleHttpProtocol 
25-Jun-2022 12:21:44.523 INFO [main] org.atmosphere.cpr.AtmosphereFramework.configureAtmosphereInterceptor Installing Default AtmosphereInterceptors
25-Jun-2022 12:21:44.523 INFO [main] org.atmosphere.cpr.AtmosphereFramework.newAInterceptor 	org.atmosphere.interceptor.CorsInterceptor : CORS Interceptor Support
25-Jun-2022 12:21:44.523 INFO [main] org.atmosphere.cpr.AtmosphereFramework.newAInterceptor 	org.atmosphere.interceptor.CacheHeadersInterceptor : Default Response's Headers Interceptor
25-Jun-2022 12:21:44.523 INFO [main] org.atmosphere.cpr.AtmosphereFramework.newAInterceptor 	org.atmosphere.interceptor.PaddingAtmosphereInterceptor : Browser Padding Interceptor Support
25-Jun-2022 12:21:44.523 INFO [main] org.atmosphere.cpr.AtmosphereFramework.newAInterceptor 	org.atmosphere.interceptor.AndroidAtmosphereInterceptor : Android Interceptor Support
25-Jun-2022 12:21:44.539 INFO [main] org.atmosphere.cpr.AtmosphereFramework.newAInterceptor 	org.atmosphere.interceptor.HeartbeatInterceptor : Heartbeat Interceptor Support
25-Jun-2022 12:21:44.539 INFO [main] org.atmosphere.cpr.AtmosphereFramework.newAInterceptor 	org.atmosphere.interceptor.SSEAtmosphereInterceptor : SSE Interceptor Support
25-Jun-2022 12:21:44.539 INFO [main] org.atmosphere.cpr.AtmosphereFramework.newAInterceptor 	org.atmosphere.interceptor.JSONPAtmosphereInterceptor : JSONP Interceptor Support
25-Jun-2022 12:21:44.555 INFO [main] org.atmosphere.cpr.AtmosphereFramework.newAInterceptor 	org.atmosphere.interceptor.JavaScriptProtocol : Atmosphere JavaScript Protocol
25-Jun-2022 12:21:44.555 INFO [main] org.atmosphere.cpr.AtmosphereFramework.newAInterceptor 	org.atmosphere.interceptor.WebSocketMessageSuspendInterceptor : org.atmosphere.interceptor.WebSocketMessageSuspendInterceptor
25-Jun-2022 12:21:44.555 INFO [main] org.atmosphere.cpr.AtmosphereFramework.newAInterceptor 	org.atmosphere.interceptor.OnDisconnectInterceptor : Browser disconnection detection
25-Jun-2022 12:21:44.555 INFO [main] org.atmosphere.cpr.AtmosphereFramework.newAInterceptor 	org.atmosphere.interceptor.IdleResourceInterceptor : org.atmosphere.interceptor.IdleResourceInterceptor
25-Jun-2022 12:21:44.555 INFO [main] org.atmosphere.cpr.AtmosphereFramework.configureAtmosphereInterceptor Set org.atmosphere.cpr.AtmosphereInterceptor.disableDefaults to disable them.
25-Jun-2022 12:21:44.555 INFO [main] org.atmosphere.cpr.AtmosphereFramework.addInterceptorToAllWrappers Installed AtmosphereInterceptor CORS Interceptor Support with priority FIRST_BEFORE_DEFAULT 
25-Jun-2022 12:21:44.571 INFO [main] org.atmosphere.cpr.AtmosphereFramework.addInterceptorToAllWrappers Installed AtmosphereInterceptor Default Response's Headers Interceptor with priority AFTER_DEFAULT 
25-Jun-2022 12:21:44.571 INFO [main] org.atmosphere.cpr.AtmosphereFramework.addInterceptorToAllWrappers Installed AtmosphereInterceptor Browser Padding Interceptor Support with priority AFTER_DEFAULT 
25-Jun-2022 12:21:44.571 INFO [main] org.atmosphere.cpr.AtmosphereFramework.addInterceptorToAllWrappers Installed AtmosphereInterceptor Android Interceptor Support with priority AFTER_DEFAULT 
25-Jun-2022 12:21:44.571 INFO [main] org.atmosphere.interceptor.HeartbeatInterceptor.configure HeartbeatInterceptor configured with padding value 'X', client frequency 60 seconds and server frequency 0 seconds
25-Jun-2022 12:21:44.571 INFO [main] org.atmosphere.cpr.AtmosphereFramework.addInterceptorToAllWrappers Installed AtmosphereInterceptor Heartbeat Interceptor Support with priority AFTER_DEFAULT 
25-Jun-2022 12:21:44.571 INFO [main] org.atmosphere.cpr.AtmosphereFramework.addInterceptorToAllWrappers Installed AtmosphereInterceptor SSE Interceptor Support with priority AFTER_DEFAULT 
25-Jun-2022 12:21:44.586 INFO [main] org.atmosphere.cpr.AtmosphereFramework.addInterceptorToAllWrappers Installed AtmosphereInterceptor JSONP Interceptor Support with priority AFTER_DEFAULT 
25-Jun-2022 12:21:44.586 INFO [main] org.atmosphere.cpr.AtmosphereFramework.addInterceptorToAllWrappers Installed AtmosphereInterceptor Atmosphere JavaScript Protocol with priority AFTER_DEFAULT 
25-Jun-2022 12:21:44.586 INFO [main] org.atmosphere.cpr.AtmosphereFramework.addInterceptorToAllWrappers Installed AtmosphereInterceptor org.atmosphere.interceptor.WebSocketMessageSuspendInterceptor with priority AFTER_DEFAULT 
25-Jun-2022 12:21:44.586 INFO [main] org.atmosphere.cpr.AtmosphereFramework.addInterceptorToAllWrappers Installed AtmosphereInterceptor Browser disconnection detection with priority AFTER_DEFAULT 
25-Jun-2022 12:21:44.586 INFO [main] org.atmosphere.cpr.AtmosphereFramework.addInterceptorToAllWrappers Installed AtmosphereInterceptor org.atmosphere.interceptor.IdleResourceInterceptor with priority BEFORE_DEFAULT 
25-Jun-2022 12:21:44.586 INFO [main] org.atmosphere.cpr.AtmosphereFramework.info Using EndpointMapper class org.atmosphere.util.DefaultEndpointMapper
25-Jun-2022 12:21:44.586 INFO [main] org.atmosphere.cpr.AtmosphereFramework.info Using BroadcasterCache: org.atmosphere.cache.UUIDBroadcasterCache
25-Jun-2022 12:21:44.602 INFO [main] org.atmosphere.cpr.AtmosphereFramework.info Default Broadcaster Class: org.atmosphere.cpr.DefaultBroadcaster
25-Jun-2022 12:21:44.602 INFO [main] org.atmosphere.cpr.AtmosphereFramework.info Broadcaster Shared List Resources: false
25-Jun-2022 12:21:44.602 INFO [main] org.atmosphere.cpr.AtmosphereFramework.info Broadcaster Polling Wait Time 100
25-Jun-2022 12:21:44.602 INFO [main] org.atmosphere.cpr.AtmosphereFramework.info Shared ExecutorService supported: true
25-Jun-2022 12:21:44.602 INFO [main] org.atmosphere.cpr.AtmosphereFramework.info Messaging ExecutorService Pool Size unavailable - Not instance of ThreadPoolExecutor
25-Jun-2022 12:21:44.602 INFO [main] org.atmosphere.cpr.AtmosphereFramework.info Async I/O Thread Pool Size: 200
25-Jun-2022 12:21:44.618 INFO [main] org.atmosphere.cpr.AtmosphereFramework.info Using BroadcasterFactory: org.atmosphere.cpr.DefaultBroadcasterFactory
25-Jun-2022 12:21:44.618 INFO [main] org.atmosphere.cpr.AtmosphereFramework.info Using AtmosphereResurceFactory: org.atmosphere.cpr.DefaultAtmosphereResourceFactory
25-Jun-2022 12:21:44.618 INFO [main] org.atmosphere.cpr.AtmosphereFramework.info Using WebSocketProcessor: org.atmosphere.websocket.DefaultWebSocketProcessor
25-Jun-2022 12:21:44.633 INFO [main] org.atmosphere.cpr.AtmosphereFramework.info Invoke AtmosphereInterceptor on WebSocket message true
25-Jun-2022 12:21:44.633 INFO [main] org.atmosphere.cpr.AtmosphereFramework.info HttpSession supported: true
25-Jun-2022 12:21:44.633 INFO [main] org.atmosphere.cpr.AtmosphereFramework.info Atmosphere is using org.atmosphere.inject.InjectableObjectFactory for dependency injection and object creation
25-Jun-2022 12:21:44.633 INFO [main] org.atmosphere.cpr.AtmosphereFramework.info Atmosphere is using async support: org.atmosphere.container.Servlet30CometSupport running under container: Apache Tomcat/9.0.64 using javax.servlet/3.0
25-Jun-2022 12:21:44.633 INFO [main] org.atmosphere.cpr.AtmosphereFramework.info Atmosphere Framework 2.4.30.vaadin4 started.
25-Jun-2022 12:21:44.652 INFO [main] org.atmosphere.cpr.AtmosphereFramework.addInterceptorToAllWrappers Installed AtmosphereInterceptor  Track Message Size Interceptor using | with priority BEFORE_DEFAULT 
25-Jun-2022 12:21:45.967 INFO [main] org.atmosphere.cpr.AtmosphereFramework.addAtmosphereHandler Installed AtmosphereHandler com.vaadin.server.communication.PushAtmosphereHandler mapped to context-path: /*
25-Jun-2022 12:21:45.967 INFO [main] org.atmosphere.cpr.AtmosphereFramework.addAtmosphereHandler Installed the following AtmosphereInterceptor mapped to AtmosphereHandler com.vaadin.server.communication.PushAtmosphereHandler
25-Jun-2022 12:21:46.030 INFO [main] org.atmosphere.cpr.AtmosphereFramework.autoConfigureService Atmosphere is using org.atmosphere.util.VoidAnnotationProcessor for processing annotation
25-Jun-2022 12:21:46.045 INFO [main] org.atmosphere.util.ForkJoinPool.<init> Using ForkJoinPool  java.util.concurrent.ForkJoinPool. Set the org.atmosphere.cpr.broadcaster.maxAsyncWriteThreads to -1 to fully use its power.
25-Jun-2022 12:21:46.055 INFO [main] org.atmosphere.cpr.AtmosphereFramework.initWebSocket Installed WebSocketProtocol org.atmosphere.websocket.protocol.SimpleHttpProtocol 
25-Jun-2022 12:21:46.108 INFO [main] org.atmosphere.cpr.AtmosphereFramework.configureAtmosphereInterceptor Installing Default AtmosphereInterceptors
25-Jun-2022 12:21:46.108 INFO [main] org.atmosphere.cpr.AtmosphereFramework.newAInterceptor 	org.atmosphere.interceptor.CorsInterceptor : CORS Interceptor Support
25-Jun-2022 12:21:46.108 INFO [main] org.atmosphere.cpr.AtmosphereFramework.newAInterceptor 	org.atmosphere.interceptor.CacheHeadersInterceptor : Default Response's Headers Interceptor
25-Jun-2022 12:21:46.108 INFO [main] org.atmosphere.cpr.AtmosphereFramework.newAInterceptor 	org.atmosphere.interceptor.PaddingAtmosphereInterceptor : Browser Padding Interceptor Support
25-Jun-2022 12:21:46.108 INFO [main] org.atmosphere.cpr.AtmosphereFramework.newAInterceptor 	org.atmosphere.interceptor.AndroidAtmosphereInterceptor : Android Interceptor Support
25-Jun-2022 12:21:46.108 INFO [main] org.atmosphere.cpr.AtmosphereFramework.newAInterceptor 	org.atmosphere.interceptor.HeartbeatInterceptor : Heartbeat Interceptor Support
25-Jun-2022 12:21:46.108 INFO [main] org.atmosphere.cpr.AtmosphereFramework.newAInterceptor 	org.atmosphere.interceptor.SSEAtmosphereInterceptor : SSE Interceptor Support
25-Jun-2022 12:21:46.124 INFO [main] org.atmosphere.cpr.AtmosphereFramework.newAInterceptor 	org.atmosphere.interceptor.JSONPAtmosphereInterceptor : JSONP Interceptor Support
25-Jun-2022 12:21:46.124 INFO [main] org.atmosphere.cpr.AtmosphereFramework.newAInterceptor 	org.atmosphere.interceptor.JavaScriptProtocol : Atmosphere JavaScript Protocol
25-Jun-2022 12:21:46.124 INFO [main] org.atmosphere.cpr.AtmosphereFramework.newAInterceptor 	org.atmosphere.interceptor.WebSocketMessageSuspendInterceptor : org.atmosphere.interceptor.WebSocketMessageSuspendInterceptor
25-Jun-2022 12:21:46.124 INFO [main] org.atmosphere.cpr.AtmosphereFramework.newAInterceptor 	org.atmosphere.interceptor.OnDisconnectInterceptor : Browser disconnection detection
25-Jun-2022 12:21:46.124 INFO [main] org.atmosphere.cpr.AtmosphereFramework.newAInterceptor 	org.atmosphere.interceptor.IdleResourceInterceptor : org.atmosphere.interceptor.IdleResourceInterceptor
25-Jun-2022 12:21:46.124 INFO [main] org.atmosphere.cpr.AtmosphereFramework.configureAtmosphereInterceptor Set org.atmosphere.cpr.AtmosphereInterceptor.disableDefaults to disable them.
25-Jun-2022 12:21:46.124 INFO [main] org.atmosphere.cpr.AtmosphereFramework.addInterceptorToAllWrappers Installed AtmosphereInterceptor CORS Interceptor Support with priority FIRST_BEFORE_DEFAULT 
25-Jun-2022 12:21:46.124 INFO [main] org.atmosphere.cpr.AtmosphereFramework.addInterceptorToAllWrappers Installed AtmosphereInterceptor Default Response's Headers Interceptor with priority AFTER_DEFAULT 
25-Jun-2022 12:21:46.140 INFO [main] org.atmosphere.cpr.AtmosphereFramework.addInterceptorToAllWrappers Installed AtmosphereInterceptor Browser Padding Interceptor Support with priority AFTER_DEFAULT 
25-Jun-2022 12:21:46.140 INFO [main] org.atmosphere.cpr.AtmosphereFramework.addInterceptorToAllWrappers Installed AtmosphereInterceptor Android Interceptor Support with priority AFTER_DEFAULT 
25-Jun-2022 12:21:46.140 INFO [main] org.atmosphere.interceptor.HeartbeatInterceptor.configure HeartbeatInterceptor configured with padding value 'X', client frequency 60 seconds and server frequency 0 seconds
25-Jun-2022 12:21:46.140 INFO [main] org.atmosphere.cpr.AtmosphereFramework.addInterceptorToAllWrappers Installed AtmosphereInterceptor Heartbeat Interceptor Support with priority AFTER_DEFAULT 
25-Jun-2022 12:21:46.140 INFO [main] org.atmosphere.cpr.AtmosphereFramework.addInterceptorToAllWrappers Installed AtmosphereInterceptor SSE Interceptor Support with priority AFTER_DEFAULT 
25-Jun-2022 12:21:46.140 INFO [main] org.atmosphere.cpr.AtmosphereFramework.addInterceptorToAllWrappers Installed AtmosphereInterceptor JSONP Interceptor Support with priority AFTER_DEFAULT 
25-Jun-2022 12:21:46.140 INFO [main] org.atmosphere.cpr.AtmosphereFramework.addInterceptorToAllWrappers Installed AtmosphereInterceptor Atmosphere JavaScript Protocol with priority AFTER_DEFAULT 
25-Jun-2022 12:21:46.155 INFO [main] org.atmosphere.cpr.AtmosphereFramework.addInterceptorToAllWrappers Installed AtmosphereInterceptor org.atmosphere.interceptor.WebSocketMessageSuspendInterceptor with priority AFTER_DEFAULT 
25-Jun-2022 12:21:46.155 INFO [main] org.atmosphere.cpr.AtmosphereFramework.addInterceptorToAllWrappers Installed AtmosphereInterceptor Browser disconnection detection with priority AFTER_DEFAULT 
25-Jun-2022 12:21:46.155 INFO [main] org.atmosphere.cpr.AtmosphereFramework.addInterceptorToAllWrappers Installed AtmosphereInterceptor org.atmosphere.interceptor.IdleResourceInterceptor with priority BEFORE_DEFAULT 
25-Jun-2022 12:21:46.155 INFO [main] org.atmosphere.cpr.AtmosphereFramework.info Using EndpointMapper class org.atmosphere.util.DefaultEndpointMapper
25-Jun-2022 12:21:46.155 INFO [main] org.atmosphere.cpr.AtmosphereFramework.info Using BroadcasterCache: org.atmosphere.cache.UUIDBroadcasterCache
25-Jun-2022 12:21:46.155 INFO [main] org.atmosphere.cpr.AtmosphereFramework.info Default Broadcaster Class: org.atmosphere.cpr.DefaultBroadcaster
25-Jun-2022 12:21:46.171 INFO [main] org.atmosphere.cpr.AtmosphereFramework.info Broadcaster Shared List Resources: false
25-Jun-2022 12:21:46.171 INFO [main] org.atmosphere.cpr.AtmosphereFramework.info Broadcaster Polling Wait Time 100
25-Jun-2022 12:21:46.171 INFO [main] org.atmosphere.cpr.AtmosphereFramework.info Shared ExecutorService supported: true
25-Jun-2022 12:21:46.171 INFO [main] org.atmosphere.cpr.AtmosphereFramework.info Messaging ExecutorService Pool Size unavailable - Not instance of ThreadPoolExecutor
25-Jun-2022 12:21:46.171 INFO [main] org.atmosphere.cpr.AtmosphereFramework.info Async I/O Thread Pool Size: 200
25-Jun-2022 12:21:46.186 INFO [main] org.atmosphere.cpr.AtmosphereFramework.info Using BroadcasterFactory: org.atmosphere.cpr.DefaultBroadcasterFactory
25-Jun-2022 12:21:46.186 INFO [main] org.atmosphere.cpr.AtmosphereFramework.info Using AtmosphereResurceFactory: org.atmosphere.cpr.DefaultAtmosphereResourceFactory
25-Jun-2022 12:21:46.186 INFO [main] org.atmosphere.cpr.AtmosphereFramework.info Using WebSocketProcessor: org.atmosphere.websocket.DefaultWebSocketProcessor
25-Jun-2022 12:21:46.186 INFO [main] org.atmosphere.cpr.AtmosphereFramework.info Invoke AtmosphereInterceptor on WebSocket message true
25-Jun-2022 12:21:46.186 INFO [main] org.atmosphere.cpr.AtmosphereFramework.info HttpSession supported: true
25-Jun-2022 12:21:46.186 INFO [main] org.atmosphere.cpr.AtmosphereFramework.info Atmosphere is using org.atmosphere.inject.InjectableObjectFactory for dependency injection and object creation
25-Jun-2022 12:21:46.202 INFO [main] org.atmosphere.cpr.AtmosphereFramework.info Atmosphere is using async support: org.atmosphere.container.Servlet30CometSupport running under container: Apache Tomcat/9.0.64 using javax.servlet/3.0
25-Jun-2022 12:21:46.202 INFO [main] org.atmosphere.cpr.AtmosphereFramework.info Atmosphere Framework 2.4.30.vaadin4 started.
25-Jun-2022 12:21:46.202 INFO [main] org.atmosphere.cpr.AtmosphereFramework.addInterceptorToAllWrappers Installed AtmosphereInterceptor  Track Message Size Interceptor using | with priority BEFORE_DEFAULT 
25-Jun-2022 12:21:46.218 INFO [main] org.atmosphere.cpr.AtmosphereFramework.addAtmosphereHandler Installed AtmosphereHandler com.vaadin.server.communication.PushAtmosphereHandler mapped to context-path: /*
25-Jun-2022 12:21:46.218 INFO [main] org.atmosphere.cpr.AtmosphereFramework.addAtmosphereHandler Installed the following AtmosphereInterceptor mapped to AtmosphereHandler com.vaadin.server.communication.PushAtmosphereHandler
25-Jun-2022 12:21:46.249 INFO [main] org.atmosphere.cpr.AtmosphereFramework.autoConfigureService Atmosphere is using org.atmosphere.util.VoidAnnotationProcessor for processing annotation
25-Jun-2022 12:21:46.265 INFO [main] org.atmosphere.util.ForkJoinPool.<init> Using ForkJoinPool  java.util.concurrent.ForkJoinPool. Set the org.atmosphere.cpr.broadcaster.maxAsyncWriteThreads to -1 to fully use its power.
25-Jun-2022 12:21:46.265 INFO [main] org.atmosphere.cpr.AtmosphereFramework.initWebSocket Installed WebSocketProtocol org.atmosphere.websocket.protocol.SimpleHttpProtocol 
25-Jun-2022 12:21:46.312 INFO [main] org.atmosphere.cpr.AtmosphereFramework.configureAtmosphereInterceptor Installing Default AtmosphereInterceptors
25-Jun-2022 12:21:46.312 INFO [main] org.atmosphere.cpr.AtmosphereFramework.newAInterceptor 	org.atmosphere.interceptor.CorsInterceptor : CORS Interceptor Support
25-Jun-2022 12:21:46.312 INFO [main] org.atmosphere.cpr.AtmosphereFramework.newAInterceptor 	org.atmosphere.interceptor.CacheHeadersInterceptor : Default Response's Headers Interceptor
25-Jun-2022 12:21:46.312 INFO [main] org.atmosphere.cpr.AtmosphereFramework.newAInterceptor 	org.atmosphere.interceptor.PaddingAtmosphereInterceptor : Browser Padding Interceptor Support
25-Jun-2022 12:21:46.327 INFO [main] org.atmosphere.cpr.AtmosphereFramework.newAInterceptor 	org.atmosphere.interceptor.AndroidAtmosphereInterceptor : Android Interceptor Support
25-Jun-2022 12:21:46.327 INFO [main] org.atmosphere.cpr.AtmosphereFramework.newAInterceptor 	org.atmosphere.interceptor.HeartbeatInterceptor : Heartbeat Interceptor Support
25-Jun-2022 12:21:46.327 INFO [main] org.atmosphere.cpr.AtmosphereFramework.newAInterceptor 	org.atmosphere.interceptor.SSEAtmosphereInterceptor : SSE Interceptor Support
25-Jun-2022 12:21:46.327 INFO [main] org.atmosphere.cpr.AtmosphereFramework.newAInterceptor 	org.atmosphere.interceptor.JSONPAtmosphereInterceptor : JSONP Interceptor Support
25-Jun-2022 12:21:46.327 INFO [main] org.atmosphere.cpr.AtmosphereFramework.newAInterceptor 	org.atmosphere.interceptor.JavaScriptProtocol : Atmosphere JavaScript Protocol
25-Jun-2022 12:21:46.327 INFO [main] org.atmosphere.cpr.AtmosphereFramework.newAInterceptor 	org.atmosphere.interceptor.WebSocketMessageSuspendInterceptor : org.atmosphere.interceptor.WebSocketMessageSuspendInterceptor
25-Jun-2022 12:21:46.327 INFO [main] org.atmosphere.cpr.AtmosphereFramework.newAInterceptor 	org.atmosphere.interceptor.OnDisconnectInterceptor : Browser disconnection detection
25-Jun-2022 12:21:46.327 INFO [main] org.atmosphere.cpr.AtmosphereFramework.newAInterceptor 	org.atmosphere.interceptor.IdleResourceInterceptor : org.atmosphere.interceptor.IdleResourceInterceptor
25-Jun-2022 12:21:46.327 INFO [main] org.atmosphere.cpr.AtmosphereFramework.configureAtmosphereInterceptor Set org.atmosphere.cpr.AtmosphereInterceptor.disableDefaults to disable them.
25-Jun-2022 12:21:46.343 INFO [main] org.atmosphere.cpr.AtmosphereFramework.addInterceptorToAllWrappers Installed AtmosphereInterceptor CORS Interceptor Support with priority FIRST_BEFORE_DEFAULT 
25-Jun-2022 12:21:46.343 INFO [main] org.atmosphere.cpr.AtmosphereFramework.addInterceptorToAllWrappers Installed AtmosphereInterceptor Default Response's Headers Interceptor with priority AFTER_DEFAULT 
25-Jun-2022 12:21:46.343 INFO [main] org.atmosphere.cpr.AtmosphereFramework.addInterceptorToAllWrappers Installed AtmosphereInterceptor Browser Padding Interceptor Support with priority AFTER_DEFAULT 
25-Jun-2022 12:21:46.343 INFO [main] org.atmosphere.cpr.AtmosphereFramework.addInterceptorToAllWrappers Installed AtmosphereInterceptor Android Interceptor Support with priority AFTER_DEFAULT 
25-Jun-2022 12:21:46.343 INFO [main] org.atmosphere.interceptor.HeartbeatInterceptor.configure HeartbeatInterceptor configured with padding value 'X', client frequency 60 seconds and server frequency 0 seconds
25-Jun-2022 12:21:46.356 INFO [main] org.atmosphere.cpr.AtmosphereFramework.addInterceptorToAllWrappers Installed AtmosphereInterceptor Heartbeat Interceptor Support with priority AFTER_DEFAULT 
25-Jun-2022 12:21:46.356 INFO [main] org.atmosphere.cpr.AtmosphereFramework.addInterceptorToAllWrappers Installed AtmosphereInterceptor SSE Interceptor Support with priority AFTER_DEFAULT 
25-Jun-2022 12:21:46.356 INFO [main] org.atmosphere.cpr.AtmosphereFramework.addInterceptorToAllWrappers Installed AtmosphereInterceptor JSONP Interceptor Support with priority AFTER_DEFAULT 
25-Jun-2022 12:21:46.359 INFO [main] org.atmosphere.cpr.AtmosphereFramework.addInterceptorToAllWrappers Installed AtmosphereInterceptor Atmosphere JavaScript Protocol with priority AFTER_DEFAULT 
25-Jun-2022 12:21:46.359 INFO [main] org.atmosphere.cpr.AtmosphereFramework.addInterceptorToAllWrappers Installed AtmosphereInterceptor org.atmosphere.interceptor.WebSocketMessageSuspendInterceptor with priority AFTER_DEFAULT 
25-Jun-2022 12:21:46.359 INFO [main] org.atmosphere.cpr.AtmosphereFramework.addInterceptorToAllWrappers Installed AtmosphereInterceptor Browser disconnection detection with priority AFTER_DEFAULT 
25-Jun-2022 12:21:46.359 INFO [main] org.atmosphere.cpr.AtmosphereFramework.addInterceptorToAllWrappers Installed AtmosphereInterceptor org.atmosphere.interceptor.IdleResourceInterceptor with priority BEFORE_DEFAULT 
25-Jun-2022 12:21:46.359 INFO [main] org.atmosphere.cpr.AtmosphereFramework.info Using EndpointMapper class org.atmosphere.util.DefaultEndpointMapper
25-Jun-2022 12:21:46.375 INFO [main] org.atmosphere.cpr.AtmosphereFramework.info Using BroadcasterCache: org.atmosphere.cache.UUIDBroadcasterCache
25-Jun-2022 12:21:46.375 INFO [main] org.atmosphere.cpr.AtmosphereFramework.info Default Broadcaster Class: org.atmosphere.cpr.DefaultBroadcaster
25-Jun-2022 12:21:46.375 INFO [main] org.atmosphere.cpr.AtmosphereFramework.info Broadcaster Shared List Resources: false
25-Jun-2022 12:21:46.375 INFO [main] org.atmosphere.cpr.AtmosphereFramework.info Broadcaster Polling Wait Time 100
25-Jun-2022 12:21:46.375 INFO [main] org.atmosphere.cpr.AtmosphereFramework.info Shared ExecutorService supported: true
25-Jun-2022 12:21:46.375 INFO [main] org.atmosphere.cpr.AtmosphereFramework.info Messaging ExecutorService Pool Size unavailable - Not instance of ThreadPoolExecutor
25-Jun-2022 12:21:46.390 INFO [main] org.atmosphere.cpr.AtmosphereFramework.info Async I/O Thread Pool Size: 200
25-Jun-2022 12:21:46.390 INFO [main] org.atmosphere.cpr.AtmosphereFramework.info Using BroadcasterFactory: org.atmosphere.cpr.DefaultBroadcasterFactory
25-Jun-2022 12:21:46.390 INFO [main] org.atmosphere.cpr.AtmosphereFramework.info Using AtmosphereResurceFactory: org.atmosphere.cpr.DefaultAtmosphereResourceFactory
25-Jun-2022 12:21:46.390 INFO [main] org.atmosphere.cpr.AtmosphereFramework.info Using WebSocketProcessor: org.atmosphere.websocket.DefaultWebSocketProcessor
25-Jun-2022 12:21:46.390 INFO [main] org.atmosphere.cpr.AtmosphereFramework.info Invoke AtmosphereInterceptor on WebSocket message true
25-Jun-2022 12:21:46.390 INFO [main] org.atmosphere.cpr.AtmosphereFramework.info HttpSession supported: true
25-Jun-2022 12:21:46.406 INFO [main] org.atmosphere.cpr.AtmosphereFramework.info Atmosphere is using org.atmosphere.inject.InjectableObjectFactory for dependency injection and object creation
25-Jun-2022 12:21:46.406 INFO [main] org.atmosphere.cpr.AtmosphereFramework.info Atmosphere is using async support: org.atmosphere.container.Servlet30CometSupport running under container: Apache Tomcat/9.0.64 using javax.servlet/3.0
25-Jun-2022 12:21:46.406 INFO [main] org.atmosphere.cpr.AtmosphereFramework.info Atmosphere Framework 2.4.30.vaadin4 started.
25-Jun-2022 12:21:46.406 INFO [main] org.atmosphere.cpr.AtmosphereFramework.addInterceptorToAllWrappers Installed AtmosphereInterceptor  Track Message Size Interceptor using | with priority BEFORE_DEFAULT 
25-Jun-2022 12:21:46.485 INFO [main] org.apache.catalina.startup.HostConfig.deployDirectory Deployment of web application directory [C:\Users\j.hurtado.de.moxo\magnolia02realheadless\apache-tomcat\webapps\magnoliaPublic] has finished in [94,818] ms
25-Jun-2022 12:21:46.485 INFO [main] org.apache.catalina.startup.HostConfig.deployDirectory Deploying web application directory [C:\Users\j.hurtado.de.moxo\magnolia02realheadless\apache-tomcat\webapps\ROOT]
25-Jun-2022 12:21:46.563 INFO [main] org.apache.catalina.startup.HostConfig.deployDirectory Deployment of web application directory [C:\Users\j.hurtado.de.moxo\magnolia02realheadless\apache-tomcat\webapps\ROOT] has finished in [78] ms
25-Jun-2022 12:21:46.579 INFO [main] org.apache.coyote.AbstractProtocol.start Starting ProtocolHandler ["http-nio-8080"]
25-Jun-2022 12:21:46.657 INFO [main] org.apache.catalina.startup.Catalina.start Server startup in [221283] milliseconds
25-Jun-2022 14:49:21.608 INFO [main] org.apache.catalina.core.StandardServer.await A valid shutdown command was received via the shutdown port. Stopping the Server instance.
25-Jun-2022 14:49:21.621 INFO [main] org.apache.coyote.AbstractProtocol.pause Pausing ProtocolHandler ["http-nio-8080"]
25-Jun-2022 14:49:21.813 INFO [main] org.apache.catalina.core.StandardService.stopInternal Stopping service [Catalina]
25-Jun-2022 14:49:23.905 INFO [main] org.atmosphere.util.ForkJoinPool.<init> Using ForkJoinPool  java.util.concurrent.ForkJoinPool. Set the org.atmosphere.cpr.broadcaster.maxAsyncWriteThreads to -1 to fully use its power.
25-Jun-2022 14:49:23.905 WARNING [main] org.atmosphere.cpr.DefaultBroadcaster.addAtmosphereResource AtmosphereResource 588b4078-3f46-4bc1-be46-2488bb356a0e is not suspended. If cached messages exists, this may cause unexpected situation. Suspend first
25-Jun-2022 14:49:25.503 WARNING [main] org.apache.catalina.loader.WebappClassLoaderBase.clearReferencesJdbc The web application [magnoliaAuthor] registered the JDBC driver [org.h2.Driver] but failed to unregister it when the web application was stopped. To prevent a memory leak, the JDBC Driver has been forcibly unregistered.
25-Jun-2022 14:49:25.503 WARNING [main] org.apache.catalina.loader.WebappClassLoaderBase.clearReferencesThreads The web application [magnoliaAuthor] appears to have started a thread named [FileSystemWatchService] but has failed to stop it. This is very likely to create a memory leak. Stack trace of thread:
 java.base@11.0.15/sun.nio.fs.WindowsNativeDispatcher.GetQueuedCompletionStatus0(Native Method)
 java.base@11.0.15/sun.nio.fs.WindowsNativeDispatcher.GetQueuedCompletionStatus(WindowsNativeDispatcher.java:1036)
 java.base@11.0.15/sun.nio.fs.WindowsWatchService$Poller.run(WindowsWatchService.java:587)
 java.base@11.0.15/java.lang.Thread.run(Thread.java:834)
25-Jun-2022 14:49:25.503 WARNING [main] org.apache.catalina.loader.WebappClassLoaderBase.clearReferencesThreads The web application [magnoliaAuthor] appears to have started a thread named [pool-11-thread-1] but has failed to stop it. This is very likely to create a memory leak. Stack trace of thread:
 java.base@11.0.15/jdk.internal.misc.Unsafe.park(Native Method)
 java.base@11.0.15/java.util.concurrent.locks.LockSupport.park(LockSupport.java:194)
 java.base@11.0.15/java.util.concurrent.locks.AbstractQueuedSynchronizer$ConditionObject.await(AbstractQueuedSynchronizer.java:2081)
 java.base@11.0.15/java.util.concurrent.LinkedBlockingQueue.take(LinkedBlockingQueue.java:433)
 java.base@11.0.15/java.util.concurrent.ThreadPoolExecutor.getTask(ThreadPoolExecutor.java:1054)
 java.base@11.0.15/java.util.concurrent.ThreadPoolExecutor.runWorker(ThreadPoolExecutor.java:1114)
 java.base@11.0.15/java.util.concurrent.ThreadPoolExecutor$Worker.run(ThreadPoolExecutor.java:628)
 java.base@11.0.15/java.lang.Thread.run(Thread.java:834)
25-Jun-2022 14:49:25.503 WARNING [main] org.apache.catalina.loader.WebappClassLoaderBase.clearReferencesThreads The web application [magnoliaAuthor] appears to have started a thread named [pool-12-thread-1] but has failed to stop it. This is very likely to create a memory leak. Stack trace of thread:
 java.base@11.0.15/jdk.internal.misc.Unsafe.park(Native Method)
 java.base@11.0.15/java.util.concurrent.locks.LockSupport.park(LockSupport.java:194)
 java.base@11.0.15/java.util.concurrent.locks.AbstractQueuedSynchronizer$ConditionObject.await(AbstractQueuedSynchronizer.java:2081)
 java.base@11.0.15/java.util.concurrent.LinkedBlockingQueue.take(LinkedBlockingQueue.java:433)
 java.base@11.0.15/java.util.concurrent.ThreadPoolExecutor.getTask(ThreadPoolExecutor.java:1054)
 java.base@11.0.15/java.util.concurrent.ThreadPoolExecutor.runWorker(ThreadPoolExecutor.java:1114)
 java.base@11.0.15/java.util.concurrent.ThreadPoolExecutor$Worker.run(ThreadPoolExecutor.java:628)
 java.base@11.0.15/java.lang.Thread.run(Thread.java:834)
25-Jun-2022 14:49:25.503 WARNING [main] org.apache.catalina.loader.WebappClassLoaderBase.clearReferencesThreads The web application [magnoliaAuthor] appears to have started a thread named [Atmosphere-Scheduler-0] but has failed to stop it. This is very likely to create a memory leak. Stack trace of thread:
 java.base@11.0.15/jdk.internal.misc.Unsafe.park(Native Method)
 java.base@11.0.15/java.util.concurrent.locks.LockSupport.parkNanos(LockSupport.java:234)
 java.base@11.0.15/java.util.concurrent.locks.AbstractQueuedSynchronizer$ConditionObject.awaitNanos(AbstractQueuedSynchronizer.java:2123)
 java.base@11.0.15/java.util.concurrent.ScheduledThreadPoolExecutor$DelayedWorkQueue.poll(ScheduledThreadPoolExecutor.java:1223)
 java.base@11.0.15/java.util.concurrent.ScheduledThreadPoolExecutor$DelayedWorkQueue.poll(ScheduledThreadPoolExecutor.java:899)
 java.base@11.0.15/java.util.concurrent.ThreadPoolExecutor.getTask(ThreadPoolExecutor.java:1053)
 java.base@11.0.15/java.util.concurrent.ThreadPoolExecutor.runWorker(ThreadPoolExecutor.java:1114)
 java.base@11.0.15/java.util.concurrent.ThreadPoolExecutor$Worker.run(ThreadPoolExecutor.java:628)
 java.base@11.0.15/java.lang.Thread.run(Thread.java:834)
25-Jun-2022 14:49:25.503 WARNING [main] org.apache.catalina.loader.WebappClassLoaderBase.clearReferencesThreads The web application [magnoliaAuthor] appears to have started a thread named [Atmosphere-Shared-0] but has failed to stop it. This is very likely to create a memory leak. Stack trace of thread:
 java.base@11.0.15/jdk.internal.misc.Unsafe.park(Native Method)
 java.base@11.0.15/java.util.concurrent.locks.LockSupport.park(LockSupport.java:194)
 java.base@11.0.15/java.util.concurrent.ForkJoinPool.runWorker(ForkJoinPool.java:1628)
 java.base@11.0.15/java.util.concurrent.ForkJoinWorkerThread.run(ForkJoinWorkerThread.java:183)
25-Jun-2022 14:49:25.503 WARNING [main] org.apache.catalina.loader.WebappClassLoaderBase.clearReferencesThreads The web application [magnoliaAuthor] appears to have started a thread named [Atmosphere-Scheduler-1] but has failed to stop it. This is very likely to create a memory leak. Stack trace of thread:
 java.base@11.0.15/jdk.internal.misc.Unsafe.park(Native Method)
 java.base@11.0.15/java.util.concurrent.locks.LockSupport.parkNanos(LockSupport.java:234)
 java.base@11.0.15/java.util.concurrent.locks.AbstractQueuedSynchronizer$ConditionObject.awaitNanos(AbstractQueuedSynchronizer.java:2123)
 java.base@11.0.15/java.util.concurrent.ScheduledThreadPoolExecutor$DelayedWorkQueue.poll(ScheduledThreadPoolExecutor.java:1218)
 java.base@11.0.15/java.util.concurrent.ScheduledThreadPoolExecutor$DelayedWorkQueue.poll(ScheduledThreadPoolExecutor.java:899)
 java.base@11.0.15/java.util.concurrent.ThreadPoolExecutor.getTask(ThreadPoolExecutor.java:1053)
 java.base@11.0.15/java.util.concurrent.ThreadPoolExecutor.runWorker(ThreadPoolExecutor.java:1114)
 java.base@11.0.15/java.util.concurrent.ThreadPoolExecutor$Worker.run(ThreadPoolExecutor.java:628)
 java.base@11.0.15/java.lang.Thread.run(Thread.java:834)
25-Jun-2022 14:49:25.503 SEVERE [main] org.apache.catalina.loader.WebappClassLoaderBase.checkThreadLocalMapForLeaks The web application [magnoliaAuthor] created a ThreadLocal with key of type [java.lang.ThreadLocal] (value [java.lang.ThreadLocal@3f5717ec]) and a value of type [info.magnolia.context.SystemRepositoryStrategy] (value [SystemRepositoryStrategy[No creation stack trace available. Enable DEBUG logging for class info.magnolia.context.SystemRepositoryStrategy to enable it.]]) but failed to remove it when the web application was stopped. Threads are going to be renewed over time to try and avoid a probable memory leak.
25-Jun-2022 14:49:25.519 SEVERE [main] org.apache.catalina.loader.WebappClassLoaderBase.checkThreadLocalMapForLeaks The web application [magnoliaAuthor] created a ThreadLocal with key of type [java.lang.ThreadLocal] (value [java.lang.ThreadLocal@3f5717ec]) and a value of type [info.magnolia.context.SystemRepositoryStrategy] (value [SystemRepositoryStrategy[No creation stack trace available. Enable DEBUG logging for class info.magnolia.context.SystemRepositoryStrategy to enable it.]]) but failed to remove it when the web application was stopped. Threads are going to be renewed over time to try and avoid a probable memory leak.
25-Jun-2022 14:49:27.440 WARNING [main] org.apache.catalina.loader.WebappClassLoaderBase.clearReferencesJdbc The web application [magnoliaPublic] registered the JDBC driver [org.h2.Driver] but failed to unregister it when the web application was stopped. To prevent a memory leak, the JDBC Driver has been forcibly unregistered.
25-Jun-2022 14:49:27.440 WARNING [main] org.apache.catalina.loader.WebappClassLoaderBase.clearReferencesThreads The web application [magnoliaPublic] appears to have started a thread named [FileSystemWatchService] but has failed to stop it. This is very likely to create a memory leak. Stack trace of thread:
 java.base@11.0.15/sun.nio.fs.WindowsNativeDispatcher.GetQueuedCompletionStatus0(Native Method)
 java.base@11.0.15/sun.nio.fs.WindowsNativeDispatcher.GetQueuedCompletionStatus(WindowsNativeDispatcher.java:1036)
 java.base@11.0.15/sun.nio.fs.WindowsWatchService$Poller.run(WindowsWatchService.java:587)
 java.base@11.0.15/java.lang.Thread.run(Thread.java:834)
25-Jun-2022 14:49:27.471 INFO [main] org.apache.coyote.AbstractProtocol.stop Stopping ProtocolHandler ["http-nio-8080"]
25-Jun-2022 14:49:27.487 INFO [main] org.apache.coyote.AbstractProtocol.destroy Destroying ProtocolHandler ["http-nio-8080"]
